<?xml version="1.0" encoding="UTF-8"?>
<testng-results ignored="0" total="193" passed="176" failed="17" skipped="0">
  <reporter-output>
  </reporter-output>
  <suite started-at="2021-07-12T19:04:09 IST" name="Suite" finished-at="2021-07-12T19:22:51 IST" duration-ms="1122883">
    <groups>
      <group name="cucumber">
        <method signature="AbstractTestNGCucumberTests.runScenario(io.cucumber.testng.PickleWrapper, io.cucumber.testng.FeatureWrapper)[pri:0, instance:Runner_Files.Landing_welcome_positive_scenarios_runner@38102d01]" name="runScenario" class="io.cucumber.testng.AbstractTestNGCucumberTests"/>
        <method signature="AbstractTestNGCucumberTests.runScenario(io.cucumber.testng.PickleWrapper, io.cucumber.testng.FeatureWrapper)[pri:0, instance:Runner_Files.Signup_negative_scenarios_runner@2118cddf]" name="runScenario" class="io.cucumber.testng.AbstractTestNGCucumberTests"/>
        <method signature="AbstractTestNGCucumberTests.runScenario(io.cucumber.testng.PickleWrapper, io.cucumber.testng.FeatureWrapper)[pri:0, instance:Runner_Files.Signup_positive_scenarios_runner@7c1e2a9e]" name="runScenario" class="io.cucumber.testng.AbstractTestNGCucumberTests"/>
        <method signature="AbstractTestNGCucumberTests.runScenario(io.cucumber.testng.PickleWrapper, io.cucumber.testng.FeatureWrapper)[pri:0, instance:Runner_Files.Login_negative_scenarios_runner@3571b748]" name="runScenario" class="io.cucumber.testng.AbstractTestNGCucumberTests"/>
        <method signature="AbstractTestNGCucumberTests.runScenario(io.cucumber.testng.PickleWrapper, io.cucumber.testng.FeatureWrapper)[pri:0, instance:Runner_Files.Login_positive_scenarios_runner@37f1104d]" name="runScenario" class="io.cucumber.testng.AbstractTestNGCucumberTests"/>
        <method signature="AbstractTestNGCucumberTests.runScenario(io.cucumber.testng.PickleWrapper, io.cucumber.testng.FeatureWrapper)[pri:0, instance:Runner_Files.Headerpage_positive_scenarios_runner@568ff82]" name="runScenario" class="io.cucumber.testng.AbstractTestNGCucumberTests"/>
        <method signature="AbstractTestNGCucumberTests.runScenario(io.cucumber.testng.PickleWrapper, io.cucumber.testng.FeatureWrapper)[pri:0, instance:Runner_Files.Help_positive_scenarios_runner@11c9af63]" name="runScenario" class="io.cucumber.testng.AbstractTestNGCucumberTests"/>
        <method signature="AbstractTestNGCucumberTests.runScenario(io.cucumber.testng.PickleWrapper, io.cucumber.testng.FeatureWrapper)[pri:0, instance:Runner_Files.Your_profile_negative_scenarios_runner@41c2284a]" name="runScenario" class="io.cucumber.testng.AbstractTestNGCucumberTests"/>
        <method signature="AbstractTestNGCucumberTests.runScenario(io.cucumber.testng.PickleWrapper, io.cucumber.testng.FeatureWrapper)[pri:0, instance:Runner_Files.Your_profile_positive_scenarios_runner@78ffe6dc]" name="runScenario" class="io.cucumber.testng.AbstractTestNGCucumberTests"/>
        <method signature="AbstractTestNGCucumberTests.runScenario(io.cucumber.testng.PickleWrapper, io.cucumber.testng.FeatureWrapper)[pri:0, instance:Runner_Files.Homepage_positive_scenarios_runner@2cdd0d4b]" name="runScenario" class="io.cucumber.testng.AbstractTestNGCucumberTests"/>
        <method signature="AbstractTestNGCucumberTests.runScenario(io.cucumber.testng.PickleWrapper, io.cucumber.testng.FeatureWrapper)[pri:0, instance:Runner_Files.Request_second_opinion_negative_scenarios_runner@44a7bfbc]" name="runScenario" class="io.cucumber.testng.AbstractTestNGCucumberTests"/>
        <method signature="AbstractTestNGCucumberTests.runScenario(io.cucumber.testng.PickleWrapper, io.cucumber.testng.FeatureWrapper)[pri:0, instance:Runner_Files.Request_second_opinion_positive_scenarios_runner@2beee7ff]" name="runScenario" class="io.cucumber.testng.AbstractTestNGCucumberTests"/>
        <method signature="AbstractTestNGCucumberTests.runScenario(io.cucumber.testng.PickleWrapper, io.cucumber.testng.FeatureWrapper)[pri:0, instance:Runner_Files.Refer_a_friend_positive_scenarios_runner@40cb8df7]" name="runScenario" class="io.cucumber.testng.AbstractTestNGCucumberTests"/>
        <method signature="AbstractTestNGCucumberTests.runScenario(io.cucumber.testng.PickleWrapper, io.cucumber.testng.FeatureWrapper)[pri:0, instance:Runner_Files.Services_positive_scenarios_runner@5fa07e12]" name="runScenario" class="io.cucumber.testng.AbstractTestNGCucumberTests"/>
        <method signature="AbstractTestNGCucumberTests.runScenario(io.cucumber.testng.PickleWrapper, io.cucumber.testng.FeatureWrapper)[pri:0, instance:Runner_Files.Second_opinion_dashboard_positive_scenarios_runner@4da4253]" name="runScenario" class="io.cucumber.testng.AbstractTestNGCucumberTests"/>
        <method signature="AbstractTestNGCucumberTests.runScenario(io.cucumber.testng.PickleWrapper, io.cucumber.testng.FeatureWrapper)[pri:0, instance:Runner_Files.Bills_positive_scenarios_runner@19d481b]" name="runScenario" class="io.cucumber.testng.AbstractTestNGCucumberTests"/>
        <method signature="AbstractTestNGCucumberTests.runScenario(io.cucumber.testng.PickleWrapper, io.cucumber.testng.FeatureWrapper)[pri:0, instance:Runner_Files.Circles_negative_scenarios_runner@61386958]" name="runScenario" class="io.cucumber.testng.AbstractTestNGCucumberTests"/>
        <method signature="AbstractTestNGCucumberTests.runScenario(io.cucumber.testng.PickleWrapper, io.cucumber.testng.FeatureWrapper)[pri:0, instance:Runner_Files.Circles_positive_scenarios_runner@3a6bb9bf]" name="runScenario" class="io.cucumber.testng.AbstractTestNGCucumberTests"/>
        <method signature="AbstractTestNGCucumberTests.runScenario(io.cucumber.testng.PickleWrapper, io.cucumber.testng.FeatureWrapper)[pri:0, instance:Runner_Files.Utilities_negative_scenarios_runner@747edf66]" name="runScenario" class="io.cucumber.testng.AbstractTestNGCucumberTests"/>
        <method signature="AbstractTestNGCucumberTests.runScenario(io.cucumber.testng.PickleWrapper, io.cucumber.testng.FeatureWrapper)[pri:0, instance:Runner_Files.Utilities_positive_scenarios_runner@378542de]" name="runScenario" class="io.cucumber.testng.AbstractTestNGCucumberTests"/>
        <method signature="AbstractTestNGCucumberTests.runScenario(io.cucumber.testng.PickleWrapper, io.cucumber.testng.FeatureWrapper)[pri:0, instance:Runner_Files.Award_points_negative_scenarios_runner@67080771]" name="runScenario" class="io.cucumber.testng.AbstractTestNGCucumberTests"/>
        <method signature="AbstractTestNGCucumberTests.runScenario(io.cucumber.testng.PickleWrapper, io.cucumber.testng.FeatureWrapper)[pri:0, instance:Runner_Files.Award_points_positive_scenarios_runner@2f8dad04]" name="runScenario" class="io.cucumber.testng.AbstractTestNGCucumberTests"/>
        <method signature="AbstractTestNGCucumberTests.runScenario(io.cucumber.testng.PickleWrapper, io.cucumber.testng.FeatureWrapper)[pri:0, instance:Runner_Files.Forgot_password_negative_scenarios_runner@1ba9117e]" name="runScenario" class="io.cucumber.testng.AbstractTestNGCucumberTests"/>
        <method signature="AbstractTestNGCucumberTests.runScenario(io.cucumber.testng.PickleWrapper, io.cucumber.testng.FeatureWrapper)[pri:0, instance:Runner_Files.Forgot_password_positive_scenarios_runner@66498326]" name="runScenario" class="io.cucumber.testng.AbstractTestNGCucumberTests"/>
      </group> <!-- cucumber -->
    </groups>
    <test started-at="2021-07-12T19:04:09 IST" name="Test1" finished-at="2021-07-12T19:04:34 IST" duration-ms="25789">
      <class name="Runner_Files.Landing_welcome_positive_scenarios_runner">
        <test-method is-config="true" signature="setUpClass()[pri:0, instance:Runner_Files.Landing_welcome_positive_scenarios_runner@38102d01]" started-at="2021-07-12T19:04:09 IST" name="setUpClass" finished-at="2021-07-12T19:04:10 IST" duration-ms="886" status="PASS">
          <reporter-output>
          </reporter-output>
        </test-method> <!-- setUpClass -->
        <test-method signature="runScenario(io.cucumber.testng.PickleWrapper, io.cucumber.testng.FeatureWrapper)[pri:0, instance:Runner_Files.Landing_welcome_positive_scenarios_runner@38102d01]" started-at="2021-07-12T19:04:10 IST" name="runScenario" description="Runs Cucumber Scenarios" data-provider="scenarios" finished-at="2021-07-12T19:04:23 IST" duration-ms="13167" status="PASS">
          <params>
            <param index="0">
              <value>
                <![CDATA["Validate that the user is navigated to Welcome page"]]>
              </value>
            </param>
            <param index="1">
              <value>
                <![CDATA["Optional[Validation on Landing page]"]]>
              </value>
            </param>
          </params>
          <reporter-output>
          </reporter-output>
        </test-method> <!-- runScenario -->
        <test-method signature="runScenario(io.cucumber.testng.PickleWrapper, io.cucumber.testng.FeatureWrapper)[pri:0, instance:Runner_Files.Landing_welcome_positive_scenarios_runner@38102d01]" started-at="2021-07-12T19:04:23 IST" name="runScenario" description="Runs Cucumber Scenarios" data-provider="scenarios" finished-at="2021-07-12T19:04:26 IST" duration-ms="3637" status="PASS">
          <params>
            <param index="0">
              <value>
                <![CDATA["Validate user is able to click on 'Login' button and navigate to Login page"]]>
              </value>
            </param>
            <param index="1">
              <value>
                <![CDATA["Optional[Validation on Landing page]"]]>
              </value>
            </param>
          </params>
          <reporter-output>
          </reporter-output>
        </test-method> <!-- runScenario -->
        <test-method signature="runScenario(io.cucumber.testng.PickleWrapper, io.cucumber.testng.FeatureWrapper)[pri:0, instance:Runner_Files.Landing_welcome_positive_scenarios_runner@38102d01]" started-at="2021-07-12T19:04:26 IST" name="runScenario" description="Runs Cucumber Scenarios" data-provider="scenarios" finished-at="2021-07-12T19:04:32 IST" duration-ms="5246" status="PASS">
          <params>
            <param index="0">
              <value>
                <![CDATA["Validate user is able to click on 'Sign Up' button and navigate to Sign Up page"]]>
              </value>
            </param>
            <param index="1">
              <value>
                <![CDATA["Optional[Validation on Landing page]"]]>
              </value>
            </param>
          </params>
          <reporter-output>
          </reporter-output>
        </test-method> <!-- runScenario -->
        <test-method is-config="true" signature="tearDownClass()[pri:0, instance:Runner_Files.Landing_welcome_positive_scenarios_runner@38102d01]" started-at="2021-07-12T19:04:32 IST" name="tearDownClass" finished-at="2021-07-12T19:04:34 IST" duration-ms="2809" status="PASS">
          <reporter-output>
          </reporter-output>
        </test-method> <!-- tearDownClass -->
      </class> <!-- Runner_Files.Landing_welcome_positive_scenarios_runner -->
    </test> <!-- Test1 -->
    <test started-at="2021-07-12T19:04:35 IST" name="Test2" finished-at="2021-07-12T19:05:06 IST" duration-ms="31337">
      <class name="Runner_Files.Signup_negative_scenarios_runner">
        <test-method is-config="true" signature="setUpClass()[pri:0, instance:Runner_Files.Signup_negative_scenarios_runner@2118cddf]" started-at="2021-07-12T19:04:35 IST" name="setUpClass" finished-at="2021-07-12T19:04:35 IST" duration-ms="21" status="PASS">
          <reporter-output>
          </reporter-output>
        </test-method> <!-- setUpClass -->
        <test-method signature="runScenario(io.cucumber.testng.PickleWrapper, io.cucumber.testng.FeatureWrapper)[pri:0, instance:Runner_Files.Signup_negative_scenarios_runner@2118cddf]" started-at="2021-07-12T19:04:35 IST" name="runScenario" description="Runs Cucumber Scenarios" data-provider="scenarios" finished-at="2021-07-12T19:04:51 IST" duration-ms="16192" status="PASS">
          <params>
            <param index="0">
              <value>
                <![CDATA["Verify the scenario when entered invalid firstname and lastname"]]>
              </value>
            </param>
            <param index="1">
              <value>
                <![CDATA["Optional[Validation on Sign Up Page negative test case]"]]>
              </value>
            </param>
          </params>
          <reporter-output>
          </reporter-output>
        </test-method> <!-- runScenario -->
        <test-method signature="runScenario(io.cucumber.testng.PickleWrapper, io.cucumber.testng.FeatureWrapper)[pri:0, instance:Runner_Files.Signup_negative_scenarios_runner@2118cddf]" started-at="2021-07-12T19:04:51 IST" name="runScenario" description="Runs Cucumber Scenarios" data-provider="scenarios" finished-at="2021-07-12T19:04:52 IST" duration-ms="1423" status="PASS">
          <params>
            <param index="0">
              <value>
                <![CDATA["Verify the scenario when entered invalid 'Email ID'"]]>
              </value>
            </param>
            <param index="1">
              <value>
                <![CDATA["Optional[Validation on Sign Up Page negative test case]"]]>
              </value>
            </param>
          </params>
          <reporter-output>
          </reporter-output>
        </test-method> <!-- runScenario -->
        <test-method signature="runScenario(io.cucumber.testng.PickleWrapper, io.cucumber.testng.FeatureWrapper)[pri:0, instance:Runner_Files.Signup_negative_scenarios_runner@2118cddf]" started-at="2021-07-12T19:04:52 IST" name="runScenario" description="Runs Cucumber Scenarios" data-provider="scenarios" finished-at="2021-07-12T19:04:54 IST" duration-ms="1272" status="PASS">
          <params>
            <param index="0">
              <value>
                <![CDATA["Verify the scenario when blank 'Email ID' field"]]>
              </value>
            </param>
            <param index="1">
              <value>
                <![CDATA["Optional[Validation on Sign Up Page negative test case]"]]>
              </value>
            </param>
          </params>
          <reporter-output>
          </reporter-output>
        </test-method> <!-- runScenario -->
        <test-method signature="runScenario(io.cucumber.testng.PickleWrapper, io.cucumber.testng.FeatureWrapper)[pri:0, instance:Runner_Files.Signup_negative_scenarios_runner@2118cddf]" started-at="2021-07-12T19:04:54 IST" name="runScenario" description="Runs Cucumber Scenarios" data-provider="scenarios" finished-at="2021-07-12T19:04:54 IST" duration-ms="478" status="PASS">
          <params>
            <param index="0">
              <value>
                <![CDATA["Verify the scenario when entering less than 10 digits in the 'Phone number' field"]]>
              </value>
            </param>
            <param index="1">
              <value>
                <![CDATA["Optional[Validation on Sign Up Page negative test case]"]]>
              </value>
            </param>
          </params>
          <reporter-output>
          </reporter-output>
        </test-method> <!-- runScenario -->
        <test-method signature="runScenario(io.cucumber.testng.PickleWrapper, io.cucumber.testng.FeatureWrapper)[pri:0, instance:Runner_Files.Signup_negative_scenarios_runner@2118cddf]" started-at="2021-07-12T19:04:54 IST" name="runScenario" description="Runs Cucumber Scenarios" data-provider="scenarios" finished-at="2021-07-12T19:04:56 IST" duration-ms="2186" status="PASS">
          <params>
            <param index="0">
              <value>
                <![CDATA["Verify the scenario when entering more than 10 digits in 'Phone number' field"]]>
              </value>
            </param>
            <param index="1">
              <value>
                <![CDATA["Optional[Validation on Sign Up Page negative test case]"]]>
              </value>
            </param>
          </params>
          <reporter-output>
          </reporter-output>
        </test-method> <!-- runScenario -->
        <test-method signature="runScenario(io.cucumber.testng.PickleWrapper, io.cucumber.testng.FeatureWrapper)[pri:0, instance:Runner_Files.Signup_negative_scenarios_runner@2118cddf]" started-at="2021-07-12T19:04:56 IST" name="runScenario" description="Runs Cucumber Scenarios" data-provider="scenarios" finished-at="2021-07-12T19:04:59 IST" duration-ms="3272" status="PASS">
          <params>
            <param index="0">
              <value>
                <![CDATA["Verify the scenario when entering already registered phone number"]]>
              </value>
            </param>
            <param index="1">
              <value>
                <![CDATA["Optional[Validation on Sign Up Page negative test case]"]]>
              </value>
            </param>
          </params>
          <reporter-output>
          </reporter-output>
        </test-method> <!-- runScenario -->
        <test-method signature="runScenario(io.cucumber.testng.PickleWrapper, io.cucumber.testng.FeatureWrapper)[pri:0, instance:Runner_Files.Signup_negative_scenarios_runner@2118cddf]" started-at="2021-07-12T19:04:59 IST" name="runScenario" description="Runs Cucumber Scenarios" data-provider="scenarios" finished-at="2021-07-12T19:05:01 IST" duration-ms="1110" status="PASS">
          <params>
            <param index="0">
              <value>
                <![CDATA["Verify the scenario when blank 'Password' field"]]>
              </value>
            </param>
            <param index="1">
              <value>
                <![CDATA["Optional[Validation on Sign Up Page negative test case]"]]>
              </value>
            </param>
          </params>
          <reporter-output>
          </reporter-output>
        </test-method> <!-- runScenario -->
        <test-method signature="runScenario(io.cucumber.testng.PickleWrapper, io.cucumber.testng.FeatureWrapper)[pri:0, instance:Runner_Files.Signup_negative_scenarios_runner@2118cddf]" started-at="2021-07-12T19:05:01 IST" name="runScenario" description="Runs Cucumber Scenarios" data-provider="scenarios" finished-at="2021-07-12T19:05:02 IST" duration-ms="1134" status="PASS">
          <params>
            <param index="0">
              <value>
                <![CDATA["Verify the scenario when password strength message and progress bar is displayed while entering password in 'Password' field"]]>
              </value>
            </param>
            <param index="1">
              <value>
                <![CDATA["Optional[Validation on Sign Up Page negative test case]"]]>
              </value>
            </param>
          </params>
          <reporter-output>
          </reporter-output>
        </test-method> <!-- runScenario -->
        <test-method signature="runScenario(io.cucumber.testng.PickleWrapper, io.cucumber.testng.FeatureWrapper)[pri:0, instance:Runner_Files.Signup_negative_scenarios_runner@2118cddf]" started-at="2021-07-12T19:05:02 IST" name="runScenario" description="Runs Cucumber Scenarios" data-provider="scenarios" finished-at="2021-07-12T19:05:03 IST" duration-ms="1389" status="PASS">
          <params>
            <param index="0">
              <value>
                <![CDATA["Verify the scenario when entering different data in 'Password' and 'Confirm Password'"]]>
              </value>
            </param>
            <param index="1">
              <value>
                <![CDATA["Optional[Validation on Sign Up Page negative test case]"]]>
              </value>
            </param>
          </params>
          <reporter-output>
          </reporter-output>
        </test-method> <!-- runScenario -->
        <test-method signature="runScenario(io.cucumber.testng.PickleWrapper, io.cucumber.testng.FeatureWrapper)[pri:0, instance:Runner_Files.Signup_negative_scenarios_runner@2118cddf]" started-at="2021-07-12T19:05:03 IST" name="runScenario" description="Runs Cucumber Scenarios" data-provider="scenarios" finished-at="2021-07-12T19:05:03 IST" duration-ms="245" status="PASS">
          <params>
            <param index="0">
              <value>
                <![CDATA["Verify the scenario when 'Sign Up' button is disabled  when 'Terms & Conditions' is unchecked"]]>
              </value>
            </param>
            <param index="1">
              <value>
                <![CDATA["Optional[Validation on Sign Up Page negative test case]"]]>
              </value>
            </param>
          </params>
          <reporter-output>
          </reporter-output>
        </test-method> <!-- runScenario -->
        <test-method is-config="true" signature="tearDownClass()[pri:0, instance:Runner_Files.Signup_negative_scenarios_runner@2118cddf]" started-at="2021-07-12T19:05:03 IST" name="tearDownClass" finished-at="2021-07-12T19:05:06 IST" duration-ms="2604" status="PASS">
          <reporter-output>
          </reporter-output>
        </test-method> <!-- tearDownClass -->
      </class> <!-- Runner_Files.Signup_negative_scenarios_runner -->
    </test> <!-- Test2 -->
    <test started-at="2021-07-12T19:05:06 IST" name="Test3" finished-at="2021-07-12T19:05:37 IST" duration-ms="30473">
      <class name="Runner_Files.Signup_positive_scenarios_runner">
        <test-method is-config="true" signature="setUpClass()[pri:0, instance:Runner_Files.Signup_positive_scenarios_runner@7c1e2a9e]" started-at="2021-07-12T19:05:06 IST" name="setUpClass" finished-at="2021-07-12T19:05:06 IST" duration-ms="14" status="PASS">
          <reporter-output>
          </reporter-output>
        </test-method> <!-- setUpClass -->
        <test-method signature="runScenario(io.cucumber.testng.PickleWrapper, io.cucumber.testng.FeatureWrapper)[pri:0, instance:Runner_Files.Signup_positive_scenarios_runner@7c1e2a9e]" started-at="2021-07-12T19:05:06 IST" name="runScenario" description="Runs Cucumber Scenarios" data-provider="scenarios" finished-at="2021-07-12T19:05:23 IST" duration-ms="16862" status="PASS">
          <params>
            <param index="0">
              <value>
                <![CDATA["Verify that the browser is lauched.Clicks on the Signup button and navigates to Signup page"]]>
              </value>
            </param>
            <param index="1">
              <value>
                <![CDATA["Optional[Validation on Sign Up Positive test cases]"]]>
              </value>
            </param>
          </params>
          <reporter-output>
          </reporter-output>
        </test-method> <!-- runScenario -->
        <test-method signature="runScenario(io.cucumber.testng.PickleWrapper, io.cucumber.testng.FeatureWrapper)[pri:0, instance:Runner_Files.Signup_positive_scenarios_runner@7c1e2a9e]" started-at="2021-07-12T19:05:23 IST" name="runScenario" description="Runs Cucumber Scenarios" data-provider="scenarios" finished-at="2021-07-12T19:05:26 IST" duration-ms="3157" status="PASS">
          <params>
            <param index="0">
              <value>
                <![CDATA["Verify clicking on login link will navigate to login page"]]>
              </value>
            </param>
            <param index="1">
              <value>
                <![CDATA["Optional[Validation on Sign Up Positive test cases]"]]>
              </value>
            </param>
          </params>
          <reporter-output>
          </reporter-output>
        </test-method> <!-- runScenario -->
        <test-method signature="runScenario(io.cucumber.testng.PickleWrapper, io.cucumber.testng.FeatureWrapper)[pri:0, instance:Runner_Files.Signup_positive_scenarios_runner@7c1e2a9e]" started-at="2021-07-12T19:05:26 IST" name="runScenario" description="Runs Cucumber Scenarios" data-provider="scenarios" finished-at="2021-07-12T19:05:29 IST" duration-ms="2453" status="PASS">
          <params>
            <param index="0">
              <value>
                <![CDATA["Verify that the data entered in both Password and Confirm password fields are masked"]]>
              </value>
            </param>
            <param index="1">
              <value>
                <![CDATA["Optional[Validation on Sign Up Positive test cases]"]]>
              </value>
            </param>
          </params>
          <reporter-output>
          </reporter-output>
        </test-method> <!-- runScenario -->
        <test-method signature="runScenario(io.cucumber.testng.PickleWrapper, io.cucumber.testng.FeatureWrapper)[pri:0, instance:Runner_Files.Signup_positive_scenarios_runner@7c1e2a9e]" started-at="2021-07-12T19:05:29 IST" name="runScenario" description="Runs Cucumber Scenarios" data-provider="scenarios" finished-at="2021-07-12T19:05:30 IST" duration-ms="1108" status="PASS">
          <params>
            <param index="0">
              <value>
                <![CDATA["Verify that the password should be displayed on an eye click for Password fields"]]>
              </value>
            </param>
            <param index="1">
              <value>
                <![CDATA["Optional[Validation on Sign Up Positive test cases]"]]>
              </value>
            </param>
          </params>
          <reporter-output>
          </reporter-output>
        </test-method> <!-- runScenario -->
        <test-method signature="runScenario(io.cucumber.testng.PickleWrapper, io.cucumber.testng.FeatureWrapper)[pri:0, instance:Runner_Files.Signup_positive_scenarios_runner@7c1e2a9e]" started-at="2021-07-12T19:05:30 IST" name="runScenario" description="Runs Cucumber Scenarios" data-provider="scenarios" finished-at="2021-07-12T19:05:31 IST" duration-ms="1416" status="PASS">
          <params>
            <param index="0">
              <value>
                <![CDATA["Verify that the Confirm password field by comparing data entered in the Password field"]]>
              </value>
            </param>
            <param index="1">
              <value>
                <![CDATA["Optional[Validation on Sign Up Positive test cases]"]]>
              </value>
            </param>
          </params>
          <reporter-output>
          </reporter-output>
        </test-method> <!-- runScenario -->
        <test-method signature="runScenario(io.cucumber.testng.PickleWrapper, io.cucumber.testng.FeatureWrapper)[pri:0, instance:Runner_Files.Signup_positive_scenarios_runner@7c1e2a9e]" started-at="2021-07-12T19:05:31 IST" name="runScenario" description="Runs Cucumber Scenarios" data-provider="scenarios" finished-at="2021-07-12T19:05:33 IST" duration-ms="2323" status="PASS">
          <params>
            <param index="0">
              <value>
                <![CDATA["Verify click on Sign Up with valid credentials"]]>
              </value>
            </param>
            <param index="1">
              <value>
                <![CDATA["Optional[Validation on Sign Up Positive test cases]"]]>
              </value>
            </param>
          </params>
          <reporter-output>
          </reporter-output>
        </test-method> <!-- runScenario -->
        <test-method signature="runScenario(io.cucumber.testng.PickleWrapper, io.cucumber.testng.FeatureWrapper)[pri:0, instance:Runner_Files.Signup_positive_scenarios_runner@7c1e2a9e]" started-at="2021-07-12T19:05:33 IST" name="runScenario" description="Runs Cucumber Scenarios" data-provider="scenarios" finished-at="2021-07-12T19:05:34 IST" duration-ms="235" status="PASS">
          <params>
            <param index="0">
              <value>
                <![CDATA["Verify user should be navigated to the otp Login page"]]>
              </value>
            </param>
            <param index="1">
              <value>
                <![CDATA["Optional[Validation on Sign Up Positive test cases]"]]>
              </value>
            </param>
          </params>
          <reporter-output>
          </reporter-output>
        </test-method> <!-- runScenario -->
        <test-method is-config="true" signature="tearDownClass()[pri:0, instance:Runner_Files.Signup_positive_scenarios_runner@7c1e2a9e]" started-at="2021-07-12T19:05:34 IST" name="tearDownClass" finished-at="2021-07-12T19:05:37 IST" duration-ms="2900" status="PASS">
          <reporter-output>
          </reporter-output>
        </test-method> <!-- tearDownClass -->
      </class> <!-- Runner_Files.Signup_positive_scenarios_runner -->
    </test> <!-- Test3 -->
    <test started-at="2021-07-12T19:05:37 IST" name="Test4" finished-at="2021-07-12T19:06:10 IST" duration-ms="33260">
      <class name="Runner_Files.Login_negative_scenarios_runner">
        <test-method is-config="true" signature="setUpClass()[pri:0, instance:Runner_Files.Login_negative_scenarios_runner@3571b748]" started-at="2021-07-12T19:05:37 IST" name="setUpClass" finished-at="2021-07-12T19:05:37 IST" duration-ms="10" status="PASS">
          <reporter-output>
          </reporter-output>
        </test-method> <!-- setUpClass -->
        <test-method signature="runScenario(io.cucumber.testng.PickleWrapper, io.cucumber.testng.FeatureWrapper)[pri:0, instance:Runner_Files.Login_negative_scenarios_runner@3571b748]" started-at="2021-07-12T19:05:37 IST" name="runScenario" description="Runs Cucumber Scenarios" data-provider="scenarios" finished-at="2021-07-12T19:05:54 IST" duration-ms="17133" status="PASS">
          <params>
            <param index="0">
              <value>
                <![CDATA["User is not allowed to login when Phone number and Password fields are blank"]]>
              </value>
            </param>
            <param index="1">
              <value>
                <![CDATA["Optional[Validate login negative functionality]"]]>
              </value>
            </param>
          </params>
          <reporter-output>
          </reporter-output>
        </test-method> <!-- runScenario -->
        <test-method signature="runScenario(io.cucumber.testng.PickleWrapper, io.cucumber.testng.FeatureWrapper)[pri:0, instance:Runner_Files.Login_negative_scenarios_runner@3571b748]" started-at="2021-07-12T19:05:54 IST" name="runScenario" description="Runs Cucumber Scenarios" data-provider="scenarios" finished-at="2021-07-12T19:05:57 IST" duration-ms="2940" status="PASS">
          <params>
            <param index="0">
              <value>
                <![CDATA["User enter invalid credentials in the Login Page"]]>
              </value>
            </param>
            <param index="1">
              <value>
                <![CDATA["Optional[Validate login negative functionality]"]]>
              </value>
            </param>
          </params>
          <reporter-output>
          </reporter-output>
        </test-method> <!-- runScenario -->
        <test-method signature="runScenario(io.cucumber.testng.PickleWrapper, io.cucumber.testng.FeatureWrapper)[pri:0, instance:Runner_Files.Login_negative_scenarios_runner@3571b748]" started-at="2021-07-12T19:05:57 IST" name="runScenario" description="Runs Cucumber Scenarios" data-provider="scenarios" finished-at="2021-07-12T19:06:00 IST" duration-ms="3050" status="PASS">
          <params>
            <param index="0">
              <value>
                <![CDATA["User enter more than 10 digits in the 'Phone number' field"]]>
              </value>
            </param>
            <param index="1">
              <value>
                <![CDATA["Optional[Validate login negative functionality]"]]>
              </value>
            </param>
          </params>
          <reporter-output>
          </reporter-output>
        </test-method> <!-- runScenario -->
        <test-method signature="runScenario(io.cucumber.testng.PickleWrapper, io.cucumber.testng.FeatureWrapper)[pri:0, instance:Runner_Files.Login_negative_scenarios_runner@3571b748]" started-at="2021-07-12T19:06:00 IST" name="runScenario" description="Runs Cucumber Scenarios" data-provider="scenarios" finished-at="2021-07-12T19:06:03 IST" duration-ms="2911" status="PASS">
          <params>
            <param index="0">
              <value>
                <![CDATA["User enter invalid 'Phone number' and valid 'Password'"]]>
              </value>
            </param>
            <param index="1">
              <value>
                <![CDATA["Optional[Validate login negative functionality]"]]>
              </value>
            </param>
          </params>
          <reporter-output>
          </reporter-output>
        </test-method> <!-- runScenario -->
        <test-method signature="runScenario(io.cucumber.testng.PickleWrapper, io.cucumber.testng.FeatureWrapper)[pri:0, instance:Runner_Files.Login_negative_scenarios_runner@3571b748]" started-at="2021-07-12T19:06:03 IST" name="runScenario" description="Runs Cucumber Scenarios" data-provider="scenarios" finished-at="2021-07-12T19:06:05 IST" duration-ms="2803" status="PASS">
          <params>
            <param index="0">
              <value>
                <![CDATA["User enter invalid 'Password' and valid 'Phone number'"]]>
              </value>
            </param>
            <param index="1">
              <value>
                <![CDATA["Optional[Validate login negative functionality]"]]>
              </value>
            </param>
          </params>
          <reporter-output>
          </reporter-output>
        </test-method> <!-- runScenario -->
        <test-method signature="runScenario(io.cucumber.testng.PickleWrapper, io.cucumber.testng.FeatureWrapper)[pri:0, instance:Runner_Files.Login_negative_scenarios_runner@3571b748]" started-at="2021-07-12T19:06:05 IST" name="runScenario" description="Runs Cucumber Scenarios" data-provider="scenarios" finished-at="2021-07-12T19:06:06 IST" duration-ms="1000" status="PASS">
          <params>
            <param index="0">
              <value>
                <![CDATA["User is not able to login on leaving 'Phone number' field blank and only giving valid 'Password'"]]>
              </value>
            </param>
            <param index="1">
              <value>
                <![CDATA["Optional[Validate login negative functionality]"]]>
              </value>
            </param>
          </params>
          <reporter-output>
          </reporter-output>
        </test-method> <!-- runScenario -->
        <test-method signature="runScenario(io.cucumber.testng.PickleWrapper, io.cucumber.testng.FeatureWrapper)[pri:0, instance:Runner_Files.Login_negative_scenarios_runner@3571b748]" started-at="2021-07-12T19:06:06 IST" name="runScenario" description="Runs Cucumber Scenarios" data-provider="scenarios" finished-at="2021-07-12T19:06:07 IST" duration-ms="987" status="PASS">
          <params>
            <param index="0">
              <value>
                <![CDATA["User is not able to login on leaving 'Password' field blank and only giving valid 'Phone number'"]]>
              </value>
            </param>
            <param index="1">
              <value>
                <![CDATA["Optional[Validate login negative functionality]"]]>
              </value>
            </param>
          </params>
          <reporter-output>
          </reporter-output>
        </test-method> <!-- runScenario -->
        <test-method is-config="true" signature="tearDownClass()[pri:0, instance:Runner_Files.Login_negative_scenarios_runner@3571b748]" started-at="2021-07-12T19:06:07 IST" name="tearDownClass" finished-at="2021-07-12T19:06:10 IST" duration-ms="2420" status="PASS">
          <reporter-output>
          </reporter-output>
        </test-method> <!-- tearDownClass -->
      </class> <!-- Runner_Files.Login_negative_scenarios_runner -->
    </test> <!-- Test4 -->
    <test started-at="2021-07-12T19:06:10 IST" name="Test5" finished-at="2021-07-12T19:06:41 IST" duration-ms="30965">
      <class name="Runner_Files.Login_positive_scenarios_runner">
        <test-method is-config="true" signature="setUpClass()[pri:0, instance:Runner_Files.Login_positive_scenarios_runner@37f1104d]" started-at="2021-07-12T19:06:10 IST" name="setUpClass" finished-at="2021-07-12T19:06:10 IST" duration-ms="8" status="PASS">
          <reporter-output>
          </reporter-output>
        </test-method> <!-- setUpClass -->
        <test-method signature="runScenario(io.cucumber.testng.PickleWrapper, io.cucumber.testng.FeatureWrapper)[pri:0, instance:Runner_Files.Login_positive_scenarios_runner@37f1104d]" started-at="2021-07-12T19:06:10 IST" name="runScenario" description="Runs Cucumber Scenarios" data-provider="scenarios" finished-at="2021-07-12T19:06:32 IST" duration-ms="22374" status="PASS">
          <params>
            <param index="0">
              <value>
                <![CDATA["Validate that the 'Phone number' field is prefixed with +1 country code"]]>
              </value>
            </param>
            <param index="1">
              <value>
                <![CDATA["Optional[Validate login positive functionality]"]]>
              </value>
            </param>
          </params>
          <reporter-output>
          </reporter-output>
        </test-method> <!-- runScenario -->
        <test-method signature="runScenario(io.cucumber.testng.PickleWrapper, io.cucumber.testng.FeatureWrapper)[pri:0, instance:Runner_Files.Login_positive_scenarios_runner@37f1104d]" started-at="2021-07-12T19:06:32 IST" name="runScenario" description="Runs Cucumber Scenarios" data-provider="scenarios" finished-at="2021-07-12T19:06:32 IST" duration-ms="6" status="PASS">
          <params>
            <param index="0">
              <value>
                <![CDATA["Validate that the user is able to click on the 'Forgot password?' link"]]>
              </value>
            </param>
            <param index="1">
              <value>
                <![CDATA["Optional[Validate login positive functionality]"]]>
              </value>
            </param>
          </params>
          <reporter-output>
          </reporter-output>
        </test-method> <!-- runScenario -->
        <test-method signature="runScenario(io.cucumber.testng.PickleWrapper, io.cucumber.testng.FeatureWrapper)[pri:0, instance:Runner_Files.Login_positive_scenarios_runner@37f1104d]" started-at="2021-07-12T19:06:32 IST" name="runScenario" description="Runs Cucumber Scenarios" data-provider="scenarios" finished-at="2021-07-12T19:06:32 IST" duration-ms="7" status="PASS">
          <params>
            <param index="0">
              <value>
                <![CDATA["Validate that the user is able click on the 'Sign up' link"]]>
              </value>
            </param>
            <param index="1">
              <value>
                <![CDATA["Optional[Validate login positive functionality]"]]>
              </value>
            </param>
          </params>
          <reporter-output>
          </reporter-output>
        </test-method> <!-- runScenario -->
        <test-method signature="runScenario(io.cucumber.testng.PickleWrapper, io.cucumber.testng.FeatureWrapper)[pri:0, instance:Runner_Files.Login_positive_scenarios_runner@37f1104d]" started-at="2021-07-12T19:06:32 IST" name="runScenario" description="Runs Cucumber Scenarios" data-provider="scenarios" finished-at="2021-07-12T19:06:32 IST" duration-ms="131" status="PASS">
          <params>
            <param index="0">
              <value>
                <![CDATA["Validate that the user is able to enter  the password in the 'Password' field"]]>
              </value>
            </param>
            <param index="1">
              <value>
                <![CDATA["Optional[Validate login positive functionality]"]]>
              </value>
            </param>
          </params>
          <reporter-output>
          </reporter-output>
        </test-method> <!-- runScenario -->
        <test-method signature="runScenario(io.cucumber.testng.PickleWrapper, io.cucumber.testng.FeatureWrapper)[pri:0, instance:Runner_Files.Login_positive_scenarios_runner@37f1104d]" started-at="2021-07-12T19:06:32 IST" name="runScenario" description="Runs Cucumber Scenarios" data-provider="scenarios" finished-at="2021-07-12T19:06:36 IST" duration-ms="3926" status="PASS">
          <params>
            <param index="0">
              <value>
                <![CDATA["Validate that the user is able to Login"]]>
              </value>
            </param>
            <param index="1">
              <value>
                <![CDATA["Optional[Validate login positive functionality]"]]>
              </value>
            </param>
          </params>
          <reporter-output>
          </reporter-output>
        </test-method> <!-- runScenario -->
        <test-method signature="runScenario(io.cucumber.testng.PickleWrapper, io.cucumber.testng.FeatureWrapper)[pri:0, instance:Runner_Files.Login_positive_scenarios_runner@37f1104d]" started-at="2021-07-12T19:06:36 IST" name="runScenario" description="Runs Cucumber Scenarios" data-provider="scenarios" finished-at="2021-07-12T19:06:38 IST" duration-ms="1962" status="PASS">
          <params>
            <param index="0">
              <value>
                <![CDATA["Validate that the user is navigated to Landing page on clicking the Log out option"]]>
              </value>
            </param>
            <param index="1">
              <value>
                <![CDATA["Optional[Validate login positive functionality]"]]>
              </value>
            </param>
          </params>
          <reporter-output>
          </reporter-output>
        </test-method> <!-- runScenario -->
        <test-method is-config="true" signature="tearDownClass()[pri:0, instance:Runner_Files.Login_positive_scenarios_runner@37f1104d]" started-at="2021-07-12T19:06:38 IST" name="tearDownClass" finished-at="2021-07-12T19:06:41 IST" duration-ms="2545" status="PASS">
          <reporter-output>
          </reporter-output>
        </test-method> <!-- tearDownClass -->
      </class> <!-- Runner_Files.Login_positive_scenarios_runner -->
    </test> <!-- Test5 -->
    <test started-at="2021-07-12T19:06:41 IST" name="Test6" finished-at="2021-07-12T19:07:13 IST" duration-ms="32102">
      <class name="Runner_Files.Headerpage_positive_scenarios_runner">
        <test-method is-config="true" signature="setUpClass()[pri:0, instance:Runner_Files.Headerpage_positive_scenarios_runner@568ff82]" started-at="2021-07-12T19:06:41 IST" name="setUpClass" finished-at="2021-07-12T19:06:41 IST" duration-ms="26" status="PASS">
          <reporter-output>
          </reporter-output>
        </test-method> <!-- setUpClass -->
        <test-method signature="runScenario(io.cucumber.testng.PickleWrapper, io.cucumber.testng.FeatureWrapper)[pri:0, instance:Runner_Files.Headerpage_positive_scenarios_runner@568ff82]" started-at="2021-07-12T19:06:41 IST" name="runScenario" description="Runs Cucumber Scenarios" data-provider="scenarios" finished-at="2021-07-12T19:07:02 IST" duration-ms="20732" status="PASS">
          <params>
            <param index="0">
              <value>
                <![CDATA["Validate that the mpowered health logo in the header"]]>
              </value>
            </param>
            <param index="1">
              <value>
                <![CDATA["Optional[Test header in home page positive functionality]"]]>
              </value>
            </param>
          </params>
          <reporter-output>
          </reporter-output>
        </test-method> <!-- runScenario -->
        <test-method signature="runScenario(io.cucumber.testng.PickleWrapper, io.cucumber.testng.FeatureWrapper)[pri:0, instance:Runner_Files.Headerpage_positive_scenarios_runner@568ff82]" started-at="2021-07-12T19:07:02 IST" name="runScenario" description="Runs Cucumber Scenarios" data-provider="scenarios" finished-at="2021-07-12T19:07:02 IST" duration-ms="227" status="PASS">
          <params>
            <param index="0">
              <value>
                <![CDATA["Validate the navigation to the help page on clicking Help icon"]]>
              </value>
            </param>
            <param index="1">
              <value>
                <![CDATA["Optional[Test header in home page positive functionality]"]]>
              </value>
            </param>
          </params>
          <reporter-output>
          </reporter-output>
        </test-method> <!-- runScenario -->
        <test-method signature="runScenario(io.cucumber.testng.PickleWrapper, io.cucumber.testng.FeatureWrapper)[pri:0, instance:Runner_Files.Headerpage_positive_scenarios_runner@568ff82]" started-at="2021-07-12T19:07:02 IST" name="runScenario" description="Runs Cucumber Scenarios" data-provider="scenarios" finished-at="2021-07-12T19:07:02 IST" duration-ms="203" status="PASS">
          <params>
            <param index="0">
              <value>
                <![CDATA["Validate the navigation to the alerts page on clicking Your alerts icon"]]>
              </value>
            </param>
            <param index="1">
              <value>
                <![CDATA["Optional[Test header in home page positive functionality]"]]>
              </value>
            </param>
          </params>
          <reporter-output>
          </reporter-output>
        </test-method> <!-- runScenario -->
        <test-method signature="runScenario(io.cucumber.testng.PickleWrapper, io.cucumber.testng.FeatureWrapper)[pri:0, instance:Runner_Files.Headerpage_positive_scenarios_runner@568ff82]" started-at="2021-07-12T19:07:02 IST" name="runScenario" description="Runs Cucumber Scenarios" data-provider="scenarios" finished-at="2021-07-12T19:07:02 IST" duration-ms="143" status="PASS">
          <params>
            <param index="0">
              <value>
                <![CDATA["Validate that user is able to click on the Drop down tab"]]>
              </value>
            </param>
            <param index="1">
              <value>
                <![CDATA["Optional[Test header in home page positive functionality]"]]>
              </value>
            </param>
          </params>
          <reporter-output>
          </reporter-output>
        </test-method> <!-- runScenario -->
        <test-method signature="runScenario(io.cucumber.testng.PickleWrapper, io.cucumber.testng.FeatureWrapper)[pri:0, instance:Runner_Files.Headerpage_positive_scenarios_runner@568ff82]" started-at="2021-07-12T19:07:02 IST" name="runScenario" description="Runs Cucumber Scenarios" data-provider="scenarios" finished-at="2021-07-12T19:07:03 IST" duration-ms="1120" status="FAIL">
          <params>
            <param index="0">
              <value>
                <![CDATA["Validate the navigation to the  profile page on clicking  Your profile tab"]]>
              </value>
            </param>
            <param index="1">
              <value>
                <![CDATA["Optional[Test header in home page positive functionality]"]]>
              </value>
            </param>
          </params>
          <exception class="org.openqa.selenium.ElementClickInterceptedException">
            <message>
              <![CDATA[element click intercepted: Element <img id="icon" src="data:image/svg+xml;base64,PHN2ZyB4bWxucz0iaHR0cDovL3d3dy53My5vcmcvMjAwMC9zdmciIHdpZHRoPSIyMSIgaGVpZ2h0PSIyMSIgdmlld0JveD0iMCAwIDIxIDIxIj4KICAgIDxnIGZpbGw9Im5vbmUiIGZpbGwtcnVsZT0iZXZlbm9kZCI+CiAgICAgICAgPHBhdGggZD0iTTAgMGgyMXYyMUgweiIvPgogICAgICAgIDxwYXRoIGZpbGw9IiMwMDAiIGQ9Ik05LjY4MyAxNi4xNTZMMi40NyA4Ljk0NGEuODkuODkgMCAwIDEgMC0xLjI2bC44NC0uODRhLjg5Ljg5IDAgMCAxIDEuMjU5LS4wMDJsNS43NDMgNS43MTYgNS43NDItNS43MTZhLjg5Ljg5IDAgMCAxIDEuMjU4LjAwMmwuODQxLjg0YS44OS44OSAwIDAgMSAwIDEuMjZsLTcuMjEyIDcuMjEyYS44OS44OSAwIDAgMS0xLjI2IDB6IiBvcGFjaXR5PSIuNjk5Ii8+CiAgICA8L2c+Cjwvc3ZnPgo=" class="jss38 jss37 jss43"> is not clickable at point (1321, 39). Other element would receive the click: <div aria-hidden="true" style="z-index: -1; position: fixed; inset: 0px; background-color: transparent; -webkit-tap-highlight-color: transparent;"></div>
  (Session info: chrome=91.0.4472.124)
Build info: version: '3.12.0', revision: '7c6e0b3', time: '2018-05-08T14:04:26.12Z'
System info: host: 'DESKTOP-496DOAJ', ip: '192.168.28.229', os.name: 'Windows 10', os.arch: 'amd64', os.version: '10.0', java.version: '15.0.2'
Driver info: org.openqa.selenium.chrome.ChromeDriver
Capabilities {acceptInsecureCerts: false, browserName: chrome, browserVersion: 91.0.4472.124, chrome: {chromedriverVersion: 91.0.4472.19 (1bf021f248676..., userDataDir: C:\Users\Admin\AppData\Loca...}, goog:chromeOptions: {debuggerAddress: localhost:58307}, javascriptEnabled: true, networkConnectionEnabled: false, pageLoadStrategy: normal, platform: WINDOWS, platformName: WINDOWS, proxy: Proxy(), setWindowRect: true, strictFileInteractability: false, timeouts: {implicit: 0, pageLoad: 300000, script: 30000}, unhandledPromptBehavior: dismiss and notify, webauthn:extension:largeBlob: true, webauthn:virtualAuthenticators: true}
Session ID: ab08ebc23121c309133b2d66f3d74fbe]]>
            </message>
            <full-stacktrace>
              <![CDATA[org.openqa.selenium.ElementClickInterceptedException: element click intercepted: Element <img id="icon" src="data:image/svg+xml;base64,PHN2ZyB4bWxucz0iaHR0cDovL3d3dy53My5vcmcvMjAwMC9zdmciIHdpZHRoPSIyMSIgaGVpZ2h0PSIyMSIgdmlld0JveD0iMCAwIDIxIDIxIj4KICAgIDxnIGZpbGw9Im5vbmUiIGZpbGwtcnVsZT0iZXZlbm9kZCI+CiAgICAgICAgPHBhdGggZD0iTTAgMGgyMXYyMUgweiIvPgogICAgICAgIDxwYXRoIGZpbGw9IiMwMDAiIGQ9Ik05LjY4MyAxNi4xNTZMMi40NyA4Ljk0NGEuODkuODkgMCAwIDEgMC0xLjI2bC44NC0uODRhLjg5Ljg5IDAgMCAxIDEuMjU5LS4wMDJsNS43NDMgNS43MTYgNS43NDItNS43MTZhLjg5Ljg5IDAgMCAxIDEuMjU4LjAwMmwuODQxLjg0YS44OS44OSAwIDAgMSAwIDEuMjZsLTcuMjEyIDcuMjEyYS44OS44OSAwIDAgMS0xLjI2IDB6IiBvcGFjaXR5PSIuNjk5Ii8+CiAgICA8L2c+Cjwvc3ZnPgo=" class="jss38 jss37 jss43"> is not clickable at point (1321, 39). Other element would receive the click: <div aria-hidden="true" style="z-index: -1; position: fixed; inset: 0px; background-color: transparent; -webkit-tap-highlight-color: transparent;"></div>
  (Session info: chrome=91.0.4472.124)
Build info: version: '3.12.0', revision: '7c6e0b3', time: '2018-05-08T14:04:26.12Z'
System info: host: 'DESKTOP-496DOAJ', ip: '192.168.28.229', os.name: 'Windows 10', os.arch: 'amd64', os.version: '10.0', java.version: '15.0.2'
Driver info: org.openqa.selenium.chrome.ChromeDriver
Capabilities {acceptInsecureCerts: false, browserName: chrome, browserVersion: 91.0.4472.124, chrome: {chromedriverVersion: 91.0.4472.19 (1bf021f248676..., userDataDir: C:\Users\Admin\AppData\Loca...}, goog:chromeOptions: {debuggerAddress: localhost:58307}, javascriptEnabled: true, networkConnectionEnabled: false, pageLoadStrategy: normal, platform: WINDOWS, platformName: WINDOWS, proxy: Proxy(), setWindowRect: true, strictFileInteractability: false, timeouts: {implicit: 0, pageLoad: 300000, script: 30000}, unhandledPromptBehavior: dismiss and notify, webauthn:extension:largeBlob: true, webauthn:virtualAuthenticators: true}
Session ID: ab08ebc23121c309133b2d66f3d74fbe
at java.base/jdk.internal.reflect.NativeConstructorAccessorImpl.newInstance0(Native Method)
at java.base/jdk.internal.reflect.NativeConstructorAccessorImpl.newInstance(NativeConstructorAccessorImpl.java:64)
at java.base/jdk.internal.reflect.DelegatingConstructorAccessorImpl.newInstance(DelegatingConstructorAccessorImpl.java:45)
at java.base/java.lang.reflect.Constructor.newInstanceWithCaller(Constructor.java:500)
at java.base/java.lang.reflect.Constructor.newInstance(Constructor.java:481)
at org.openqa.selenium.remote.http.W3CHttpResponseCodec.createException(W3CHttpResponseCodec.java:187)
at org.openqa.selenium.remote.http.W3CHttpResponseCodec.decode(W3CHttpResponseCodec.java:122)
at org.openqa.selenium.remote.http.W3CHttpResponseCodec.decode(W3CHttpResponseCodec.java:49)
at org.openqa.selenium.remote.HttpCommandExecutor.execute(HttpCommandExecutor.java:158)
at org.openqa.selenium.remote.service.DriverCommandExecutor.execute(DriverCommandExecutor.java:83)
at org.openqa.selenium.remote.RemoteWebDriver.execute(RemoteWebDriver.java:543)
at org.openqa.selenium.remote.RemoteWebElement.execute(RemoteWebElement.java:276)
at org.openqa.selenium.remote.RemoteWebElement.click(RemoteWebElement.java:83)
at Reusable_Functions.Generic_function.click(Generic_function.java:290)
at Headerpage_positive_scenarios.Headerpage_positive_scenarios.click_dropDown(Headerpage_positive_scenarios.java:109)
at ?.Click on Drop down tab(file:///C:/Users/Admin/Downloads/mph-web-qa-automation/src/main/java/Headerpage_positive_scenarios/Headerpage_positive_scenarios.feature:22)
]]>
            </full-stacktrace>
          </exception> <!-- org.openqa.selenium.ElementClickInterceptedException -->
          <reporter-output>
          </reporter-output>
        </test-method> <!-- runScenario -->
        <test-method signature="runScenario(io.cucumber.testng.PickleWrapper, io.cucumber.testng.FeatureWrapper)[pri:0, instance:Runner_Files.Headerpage_positive_scenarios_runner@568ff82]" started-at="2021-07-12T19:07:04 IST" name="runScenario" description="Runs Cucumber Scenarios" data-provider="scenarios" finished-at="2021-07-12T19:07:05 IST" duration-ms="1131" status="FAIL">
          <params>
            <param index="0">
              <value>
                <![CDATA["Validate  the  navigation to the ratings dashboard page on clicking Your ratings tab"]]>
              </value>
            </param>
            <param index="1">
              <value>
                <![CDATA["Optional[Test header in home page positive functionality]"]]>
              </value>
            </param>
          </params>
          <exception class="org.openqa.selenium.ElementClickInterceptedException">
            <message>
              <![CDATA[element click intercepted: Element <img id="icon" src="data:image/svg+xml;base64,PHN2ZyB4bWxucz0iaHR0cDovL3d3dy53My5vcmcvMjAwMC9zdmciIHdpZHRoPSIyMSIgaGVpZ2h0PSIyMSIgdmlld0JveD0iMCAwIDIxIDIxIj4KICAgIDxnIGZpbGw9Im5vbmUiIGZpbGwtcnVsZT0iZXZlbm9kZCI+CiAgICAgICAgPHBhdGggZD0iTTAgMGgyMXYyMUgweiIvPgogICAgICAgIDxwYXRoIGZpbGw9IiMwMDAiIGQ9Ik05LjY4MyAxNi4xNTZMMi40NyA4Ljk0NGEuODkuODkgMCAwIDEgMC0xLjI2bC44NC0uODRhLjg5Ljg5IDAgMCAxIDEuMjU5LS4wMDJsNS43NDMgNS43MTYgNS43NDItNS43MTZhLjg5Ljg5IDAgMCAxIDEuMjU4LjAwMmwuODQxLjg0YS44OS44OSAwIDAgMSAwIDEuMjZsLTcuMjEyIDcuMjEyYS44OS44OSAwIDAgMS0xLjI2IDB6IiBvcGFjaXR5PSIuNjk5Ii8+CiAgICA8L2c+Cjwvc3ZnPgo=" class="jss38 jss37 jss43"> is not clickable at point (1321, 39). Other element would receive the click: <div aria-hidden="true" style="z-index: -1; position: fixed; inset: 0px; background-color: transparent; -webkit-tap-highlight-color: transparent;"></div>
  (Session info: chrome=91.0.4472.124)
Build info: version: '3.12.0', revision: '7c6e0b3', time: '2018-05-08T14:04:26.12Z'
System info: host: 'DESKTOP-496DOAJ', ip: '192.168.28.229', os.name: 'Windows 10', os.arch: 'amd64', os.version: '10.0', java.version: '15.0.2'
Driver info: org.openqa.selenium.chrome.ChromeDriver
Capabilities {acceptInsecureCerts: false, browserName: chrome, browserVersion: 91.0.4472.124, chrome: {chromedriverVersion: 91.0.4472.19 (1bf021f248676..., userDataDir: C:\Users\Admin\AppData\Loca...}, goog:chromeOptions: {debuggerAddress: localhost:58307}, javascriptEnabled: true, networkConnectionEnabled: false, pageLoadStrategy: normal, platform: WINDOWS, platformName: WINDOWS, proxy: Proxy(), setWindowRect: true, strictFileInteractability: false, timeouts: {implicit: 0, pageLoad: 300000, script: 30000}, unhandledPromptBehavior: dismiss and notify, webauthn:extension:largeBlob: true, webauthn:virtualAuthenticators: true}
Session ID: ab08ebc23121c309133b2d66f3d74fbe]]>
            </message>
            <full-stacktrace>
              <![CDATA[org.openqa.selenium.ElementClickInterceptedException: element click intercepted: Element <img id="icon" src="data:image/svg+xml;base64,PHN2ZyB4bWxucz0iaHR0cDovL3d3dy53My5vcmcvMjAwMC9zdmciIHdpZHRoPSIyMSIgaGVpZ2h0PSIyMSIgdmlld0JveD0iMCAwIDIxIDIxIj4KICAgIDxnIGZpbGw9Im5vbmUiIGZpbGwtcnVsZT0iZXZlbm9kZCI+CiAgICAgICAgPHBhdGggZD0iTTAgMGgyMXYyMUgweiIvPgogICAgICAgIDxwYXRoIGZpbGw9IiMwMDAiIGQ9Ik05LjY4MyAxNi4xNTZMMi40NyA4Ljk0NGEuODkuODkgMCAwIDEgMC0xLjI2bC44NC0uODRhLjg5Ljg5IDAgMCAxIDEuMjU5LS4wMDJsNS43NDMgNS43MTYgNS43NDItNS43MTZhLjg5Ljg5IDAgMCAxIDEuMjU4LjAwMmwuODQxLjg0YS44OS44OSAwIDAgMSAwIDEuMjZsLTcuMjEyIDcuMjEyYS44OS44OSAwIDAgMS0xLjI2IDB6IiBvcGFjaXR5PSIuNjk5Ii8+CiAgICA8L2c+Cjwvc3ZnPgo=" class="jss38 jss37 jss43"> is not clickable at point (1321, 39). Other element would receive the click: <div aria-hidden="true" style="z-index: -1; position: fixed; inset: 0px; background-color: transparent; -webkit-tap-highlight-color: transparent;"></div>
  (Session info: chrome=91.0.4472.124)
Build info: version: '3.12.0', revision: '7c6e0b3', time: '2018-05-08T14:04:26.12Z'
System info: host: 'DESKTOP-496DOAJ', ip: '192.168.28.229', os.name: 'Windows 10', os.arch: 'amd64', os.version: '10.0', java.version: '15.0.2'
Driver info: org.openqa.selenium.chrome.ChromeDriver
Capabilities {acceptInsecureCerts: false, browserName: chrome, browserVersion: 91.0.4472.124, chrome: {chromedriverVersion: 91.0.4472.19 (1bf021f248676..., userDataDir: C:\Users\Admin\AppData\Loca...}, goog:chromeOptions: {debuggerAddress: localhost:58307}, javascriptEnabled: true, networkConnectionEnabled: false, pageLoadStrategy: normal, platform: WINDOWS, platformName: WINDOWS, proxy: Proxy(), setWindowRect: true, strictFileInteractability: false, timeouts: {implicit: 0, pageLoad: 300000, script: 30000}, unhandledPromptBehavior: dismiss and notify, webauthn:extension:largeBlob: true, webauthn:virtualAuthenticators: true}
Session ID: ab08ebc23121c309133b2d66f3d74fbe
at java.base/jdk.internal.reflect.NativeConstructorAccessorImpl.newInstance0(Native Method)
at java.base/jdk.internal.reflect.NativeConstructorAccessorImpl.newInstance(NativeConstructorAccessorImpl.java:64)
at java.base/jdk.internal.reflect.DelegatingConstructorAccessorImpl.newInstance(DelegatingConstructorAccessorImpl.java:45)
at java.base/java.lang.reflect.Constructor.newInstanceWithCaller(Constructor.java:500)
at java.base/java.lang.reflect.Constructor.newInstance(Constructor.java:481)
at org.openqa.selenium.remote.http.W3CHttpResponseCodec.createException(W3CHttpResponseCodec.java:187)
at org.openqa.selenium.remote.http.W3CHttpResponseCodec.decode(W3CHttpResponseCodec.java:122)
at org.openqa.selenium.remote.http.W3CHttpResponseCodec.decode(W3CHttpResponseCodec.java:49)
at org.openqa.selenium.remote.HttpCommandExecutor.execute(HttpCommandExecutor.java:158)
at org.openqa.selenium.remote.service.DriverCommandExecutor.execute(DriverCommandExecutor.java:83)
at org.openqa.selenium.remote.RemoteWebDriver.execute(RemoteWebDriver.java:543)
at org.openqa.selenium.remote.RemoteWebElement.execute(RemoteWebElement.java:276)
at org.openqa.selenium.remote.RemoteWebElement.click(RemoteWebElement.java:83)
at Reusable_Functions.Generic_function.click(Generic_function.java:290)
at Headerpage_positive_scenarios.Headerpage_positive_scenarios.click_dropDown(Headerpage_positive_scenarios.java:109)
at ?.Click on Drop down tab(file:///C:/Users/Admin/Downloads/mph-web-qa-automation/src/main/java/Headerpage_positive_scenarios/Headerpage_positive_scenarios.feature:27)
]]>
            </full-stacktrace>
          </exception> <!-- org.openqa.selenium.ElementClickInterceptedException -->
          <reporter-output>
          </reporter-output>
        </test-method> <!-- runScenario -->
        <test-method signature="runScenario(io.cucumber.testng.PickleWrapper, io.cucumber.testng.FeatureWrapper)[pri:0, instance:Runner_Files.Headerpage_positive_scenarios_runner@568ff82]" started-at="2021-07-12T19:07:05 IST" name="runScenario" description="Runs Cucumber Scenarios" data-provider="scenarios" finished-at="2021-07-12T19:07:06 IST" duration-ms="1111" status="FAIL">
          <params>
            <param index="0">
              <value>
                <![CDATA["Validate the user navigation to the Feedback Port   page  on clicking Feedback"]]>
              </value>
            </param>
            <param index="1">
              <value>
                <![CDATA["Optional[Test header in home page positive functionality]"]]>
              </value>
            </param>
          </params>
          <exception class="org.openqa.selenium.ElementClickInterceptedException">
            <message>
              <![CDATA[element click intercepted: Element <img id="icon" src="data:image/svg+xml;base64,PHN2ZyB4bWxucz0iaHR0cDovL3d3dy53My5vcmcvMjAwMC9zdmciIHdpZHRoPSIyMSIgaGVpZ2h0PSIyMSIgdmlld0JveD0iMCAwIDIxIDIxIj4KICAgIDxnIGZpbGw9Im5vbmUiIGZpbGwtcnVsZT0iZXZlbm9kZCI+CiAgICAgICAgPHBhdGggZD0iTTAgMGgyMXYyMUgweiIvPgogICAgICAgIDxwYXRoIGZpbGw9IiMwMDAiIGQ9Ik05LjY4MyAxNi4xNTZMMi40NyA4Ljk0NGEuODkuODkgMCAwIDEgMC0xLjI2bC44NC0uODRhLjg5Ljg5IDAgMCAxIDEuMjU5LS4wMDJsNS43NDMgNS43MTYgNS43NDItNS43MTZhLjg5Ljg5IDAgMCAxIDEuMjU4LjAwMmwuODQxLjg0YS44OS44OSAwIDAgMSAwIDEuMjZsLTcuMjEyIDcuMjEyYS44OS44OSAwIDAgMS0xLjI2IDB6IiBvcGFjaXR5PSIuNjk5Ii8+CiAgICA8L2c+Cjwvc3ZnPgo=" class="jss38 jss37 jss43"> is not clickable at point (1321, 39). Other element would receive the click: <div aria-hidden="true" style="z-index: -1; position: fixed; inset: 0px; background-color: transparent; -webkit-tap-highlight-color: transparent;"></div>
  (Session info: chrome=91.0.4472.124)
Build info: version: '3.12.0', revision: '7c6e0b3', time: '2018-05-08T14:04:26.12Z'
System info: host: 'DESKTOP-496DOAJ', ip: '192.168.28.229', os.name: 'Windows 10', os.arch: 'amd64', os.version: '10.0', java.version: '15.0.2'
Driver info: org.openqa.selenium.chrome.ChromeDriver
Capabilities {acceptInsecureCerts: false, browserName: chrome, browserVersion: 91.0.4472.124, chrome: {chromedriverVersion: 91.0.4472.19 (1bf021f248676..., userDataDir: C:\Users\Admin\AppData\Loca...}, goog:chromeOptions: {debuggerAddress: localhost:58307}, javascriptEnabled: true, networkConnectionEnabled: false, pageLoadStrategy: normal, platform: WINDOWS, platformName: WINDOWS, proxy: Proxy(), setWindowRect: true, strictFileInteractability: false, timeouts: {implicit: 0, pageLoad: 300000, script: 30000}, unhandledPromptBehavior: dismiss and notify, webauthn:extension:largeBlob: true, webauthn:virtualAuthenticators: true}
Session ID: ab08ebc23121c309133b2d66f3d74fbe]]>
            </message>
            <full-stacktrace>
              <![CDATA[org.openqa.selenium.ElementClickInterceptedException: element click intercepted: Element <img id="icon" src="data:image/svg+xml;base64,PHN2ZyB4bWxucz0iaHR0cDovL3d3dy53My5vcmcvMjAwMC9zdmciIHdpZHRoPSIyMSIgaGVpZ2h0PSIyMSIgdmlld0JveD0iMCAwIDIxIDIxIj4KICAgIDxnIGZpbGw9Im5vbmUiIGZpbGwtcnVsZT0iZXZlbm9kZCI+CiAgICAgICAgPHBhdGggZD0iTTAgMGgyMXYyMUgweiIvPgogICAgICAgIDxwYXRoIGZpbGw9IiMwMDAiIGQ9Ik05LjY4MyAxNi4xNTZMMi40NyA4Ljk0NGEuODkuODkgMCAwIDEgMC0xLjI2bC44NC0uODRhLjg5Ljg5IDAgMCAxIDEuMjU5LS4wMDJsNS43NDMgNS43MTYgNS43NDItNS43MTZhLjg5Ljg5IDAgMCAxIDEuMjU4LjAwMmwuODQxLjg0YS44OS44OSAwIDAgMSAwIDEuMjZsLTcuMjEyIDcuMjEyYS44OS44OSAwIDAgMS0xLjI2IDB6IiBvcGFjaXR5PSIuNjk5Ii8+CiAgICA8L2c+Cjwvc3ZnPgo=" class="jss38 jss37 jss43"> is not clickable at point (1321, 39). Other element would receive the click: <div aria-hidden="true" style="z-index: -1; position: fixed; inset: 0px; background-color: transparent; -webkit-tap-highlight-color: transparent;"></div>
  (Session info: chrome=91.0.4472.124)
Build info: version: '3.12.0', revision: '7c6e0b3', time: '2018-05-08T14:04:26.12Z'
System info: host: 'DESKTOP-496DOAJ', ip: '192.168.28.229', os.name: 'Windows 10', os.arch: 'amd64', os.version: '10.0', java.version: '15.0.2'
Driver info: org.openqa.selenium.chrome.ChromeDriver
Capabilities {acceptInsecureCerts: false, browserName: chrome, browserVersion: 91.0.4472.124, chrome: {chromedriverVersion: 91.0.4472.19 (1bf021f248676..., userDataDir: C:\Users\Admin\AppData\Loca...}, goog:chromeOptions: {debuggerAddress: localhost:58307}, javascriptEnabled: true, networkConnectionEnabled: false, pageLoadStrategy: normal, platform: WINDOWS, platformName: WINDOWS, proxy: Proxy(), setWindowRect: true, strictFileInteractability: false, timeouts: {implicit: 0, pageLoad: 300000, script: 30000}, unhandledPromptBehavior: dismiss and notify, webauthn:extension:largeBlob: true, webauthn:virtualAuthenticators: true}
Session ID: ab08ebc23121c309133b2d66f3d74fbe
at java.base/jdk.internal.reflect.NativeConstructorAccessorImpl.newInstance0(Native Method)
at java.base/jdk.internal.reflect.NativeConstructorAccessorImpl.newInstance(NativeConstructorAccessorImpl.java:64)
at java.base/jdk.internal.reflect.DelegatingConstructorAccessorImpl.newInstance(DelegatingConstructorAccessorImpl.java:45)
at java.base/java.lang.reflect.Constructor.newInstanceWithCaller(Constructor.java:500)
at java.base/java.lang.reflect.Constructor.newInstance(Constructor.java:481)
at org.openqa.selenium.remote.http.W3CHttpResponseCodec.createException(W3CHttpResponseCodec.java:187)
at org.openqa.selenium.remote.http.W3CHttpResponseCodec.decode(W3CHttpResponseCodec.java:122)
at org.openqa.selenium.remote.http.W3CHttpResponseCodec.decode(W3CHttpResponseCodec.java:49)
at org.openqa.selenium.remote.HttpCommandExecutor.execute(HttpCommandExecutor.java:158)
at org.openqa.selenium.remote.service.DriverCommandExecutor.execute(DriverCommandExecutor.java:83)
at org.openqa.selenium.remote.RemoteWebDriver.execute(RemoteWebDriver.java:543)
at org.openqa.selenium.remote.RemoteWebElement.execute(RemoteWebElement.java:276)
at org.openqa.selenium.remote.RemoteWebElement.click(RemoteWebElement.java:83)
at Reusable_Functions.Generic_function.click(Generic_function.java:290)
at Headerpage_positive_scenarios.Headerpage_positive_scenarios.click_dropDown(Headerpage_positive_scenarios.java:109)
at ?.Click on Drop down tab(file:///C:/Users/Admin/Downloads/mph-web-qa-automation/src/main/java/Headerpage_positive_scenarios/Headerpage_positive_scenarios.feature:32)
]]>
            </full-stacktrace>
          </exception> <!-- org.openqa.selenium.ElementClickInterceptedException -->
          <reporter-output>
          </reporter-output>
        </test-method> <!-- runScenario -->
        <test-method signature="runScenario(io.cucumber.testng.PickleWrapper, io.cucumber.testng.FeatureWrapper)[pri:0, instance:Runner_Files.Headerpage_positive_scenarios_runner@568ff82]" started-at="2021-07-12T19:07:06 IST" name="runScenario" description="Runs Cucumber Scenarios" data-provider="scenarios" finished-at="2021-07-12T19:07:07 IST" duration-ms="1124" status="FAIL">
          <params>
            <param index="0">
              <value>
                <![CDATA["Validate  the navigation to the Contact Us page  on clicking  Contact us"]]>
              </value>
            </param>
            <param index="1">
              <value>
                <![CDATA["Optional[Test header in home page positive functionality]"]]>
              </value>
            </param>
          </params>
          <exception class="org.openqa.selenium.ElementClickInterceptedException">
            <message>
              <![CDATA[element click intercepted: Element <img id="icon" src="data:image/svg+xml;base64,PHN2ZyB4bWxucz0iaHR0cDovL3d3dy53My5vcmcvMjAwMC9zdmciIHdpZHRoPSIyMSIgaGVpZ2h0PSIyMSIgdmlld0JveD0iMCAwIDIxIDIxIj4KICAgIDxnIGZpbGw9Im5vbmUiIGZpbGwtcnVsZT0iZXZlbm9kZCI+CiAgICAgICAgPHBhdGggZD0iTTAgMGgyMXYyMUgweiIvPgogICAgICAgIDxwYXRoIGZpbGw9IiMwMDAiIGQ9Ik05LjY4MyAxNi4xNTZMMi40NyA4Ljk0NGEuODkuODkgMCAwIDEgMC0xLjI2bC44NC0uODRhLjg5Ljg5IDAgMCAxIDEuMjU5LS4wMDJsNS43NDMgNS43MTYgNS43NDItNS43MTZhLjg5Ljg5IDAgMCAxIDEuMjU4LjAwMmwuODQxLjg0YS44OS44OSAwIDAgMSAwIDEuMjZsLTcuMjEyIDcuMjEyYS44OS44OSAwIDAgMS0xLjI2IDB6IiBvcGFjaXR5PSIuNjk5Ii8+CiAgICA8L2c+Cjwvc3ZnPgo=" class="jss38 jss37 jss43"> is not clickable at point (1321, 39). Other element would receive the click: <div aria-hidden="true" style="z-index: -1; position: fixed; inset: 0px; background-color: transparent; -webkit-tap-highlight-color: transparent;"></div>
  (Session info: chrome=91.0.4472.124)
Build info: version: '3.12.0', revision: '7c6e0b3', time: '2018-05-08T14:04:26.12Z'
System info: host: 'DESKTOP-496DOAJ', ip: '192.168.28.229', os.name: 'Windows 10', os.arch: 'amd64', os.version: '10.0', java.version: '15.0.2'
Driver info: org.openqa.selenium.chrome.ChromeDriver
Capabilities {acceptInsecureCerts: false, browserName: chrome, browserVersion: 91.0.4472.124, chrome: {chromedriverVersion: 91.0.4472.19 (1bf021f248676..., userDataDir: C:\Users\Admin\AppData\Loca...}, goog:chromeOptions: {debuggerAddress: localhost:58307}, javascriptEnabled: true, networkConnectionEnabled: false, pageLoadStrategy: normal, platform: WINDOWS, platformName: WINDOWS, proxy: Proxy(), setWindowRect: true, strictFileInteractability: false, timeouts: {implicit: 0, pageLoad: 300000, script: 30000}, unhandledPromptBehavior: dismiss and notify, webauthn:extension:largeBlob: true, webauthn:virtualAuthenticators: true}
Session ID: ab08ebc23121c309133b2d66f3d74fbe]]>
            </message>
            <full-stacktrace>
              <![CDATA[org.openqa.selenium.ElementClickInterceptedException: element click intercepted: Element <img id="icon" src="data:image/svg+xml;base64,PHN2ZyB4bWxucz0iaHR0cDovL3d3dy53My5vcmcvMjAwMC9zdmciIHdpZHRoPSIyMSIgaGVpZ2h0PSIyMSIgdmlld0JveD0iMCAwIDIxIDIxIj4KICAgIDxnIGZpbGw9Im5vbmUiIGZpbGwtcnVsZT0iZXZlbm9kZCI+CiAgICAgICAgPHBhdGggZD0iTTAgMGgyMXYyMUgweiIvPgogICAgICAgIDxwYXRoIGZpbGw9IiMwMDAiIGQ9Ik05LjY4MyAxNi4xNTZMMi40NyA4Ljk0NGEuODkuODkgMCAwIDEgMC0xLjI2bC44NC0uODRhLjg5Ljg5IDAgMCAxIDEuMjU5LS4wMDJsNS43NDMgNS43MTYgNS43NDItNS43MTZhLjg5Ljg5IDAgMCAxIDEuMjU4LjAwMmwuODQxLjg0YS44OS44OSAwIDAgMSAwIDEuMjZsLTcuMjEyIDcuMjEyYS44OS44OSAwIDAgMS0xLjI2IDB6IiBvcGFjaXR5PSIuNjk5Ii8+CiAgICA8L2c+Cjwvc3ZnPgo=" class="jss38 jss37 jss43"> is not clickable at point (1321, 39). Other element would receive the click: <div aria-hidden="true" style="z-index: -1; position: fixed; inset: 0px; background-color: transparent; -webkit-tap-highlight-color: transparent;"></div>
  (Session info: chrome=91.0.4472.124)
Build info: version: '3.12.0', revision: '7c6e0b3', time: '2018-05-08T14:04:26.12Z'
System info: host: 'DESKTOP-496DOAJ', ip: '192.168.28.229', os.name: 'Windows 10', os.arch: 'amd64', os.version: '10.0', java.version: '15.0.2'
Driver info: org.openqa.selenium.chrome.ChromeDriver
Capabilities {acceptInsecureCerts: false, browserName: chrome, browserVersion: 91.0.4472.124, chrome: {chromedriverVersion: 91.0.4472.19 (1bf021f248676..., userDataDir: C:\Users\Admin\AppData\Loca...}, goog:chromeOptions: {debuggerAddress: localhost:58307}, javascriptEnabled: true, networkConnectionEnabled: false, pageLoadStrategy: normal, platform: WINDOWS, platformName: WINDOWS, proxy: Proxy(), setWindowRect: true, strictFileInteractability: false, timeouts: {implicit: 0, pageLoad: 300000, script: 30000}, unhandledPromptBehavior: dismiss and notify, webauthn:extension:largeBlob: true, webauthn:virtualAuthenticators: true}
Session ID: ab08ebc23121c309133b2d66f3d74fbe
at java.base/jdk.internal.reflect.NativeConstructorAccessorImpl.newInstance0(Native Method)
at java.base/jdk.internal.reflect.NativeConstructorAccessorImpl.newInstance(NativeConstructorAccessorImpl.java:64)
at java.base/jdk.internal.reflect.DelegatingConstructorAccessorImpl.newInstance(DelegatingConstructorAccessorImpl.java:45)
at java.base/java.lang.reflect.Constructor.newInstanceWithCaller(Constructor.java:500)
at java.base/java.lang.reflect.Constructor.newInstance(Constructor.java:481)
at org.openqa.selenium.remote.http.W3CHttpResponseCodec.createException(W3CHttpResponseCodec.java:187)
at org.openqa.selenium.remote.http.W3CHttpResponseCodec.decode(W3CHttpResponseCodec.java:122)
at org.openqa.selenium.remote.http.W3CHttpResponseCodec.decode(W3CHttpResponseCodec.java:49)
at org.openqa.selenium.remote.HttpCommandExecutor.execute(HttpCommandExecutor.java:158)
at org.openqa.selenium.remote.service.DriverCommandExecutor.execute(DriverCommandExecutor.java:83)
at org.openqa.selenium.remote.RemoteWebDriver.execute(RemoteWebDriver.java:543)
at org.openqa.selenium.remote.RemoteWebElement.execute(RemoteWebElement.java:276)
at org.openqa.selenium.remote.RemoteWebElement.click(RemoteWebElement.java:83)
at Reusable_Functions.Generic_function.click(Generic_function.java:290)
at Headerpage_positive_scenarios.Headerpage_positive_scenarios.click_dropDown(Headerpage_positive_scenarios.java:109)
at ?.Click on Drop down tab(file:///C:/Users/Admin/Downloads/mph-web-qa-automation/src/main/java/Headerpage_positive_scenarios/Headerpage_positive_scenarios.feature:37)
]]>
            </full-stacktrace>
          </exception> <!-- org.openqa.selenium.ElementClickInterceptedException -->
          <reporter-output>
          </reporter-output>
        </test-method> <!-- runScenario -->
        <test-method signature="runScenario(io.cucumber.testng.PickleWrapper, io.cucumber.testng.FeatureWrapper)[pri:0, instance:Runner_Files.Headerpage_positive_scenarios_runner@568ff82]" started-at="2021-07-12T19:07:07 IST" name="runScenario" description="Runs Cucumber Scenarios" data-provider="scenarios" finished-at="2021-07-12T19:07:08 IST" duration-ms="1093" status="FAIL">
          <params>
            <param index="0">
              <value>
                <![CDATA["Validate the  Privacy Policy dialogue box on clicking on the Privacy Policy"]]>
              </value>
            </param>
            <param index="1">
              <value>
                <![CDATA["Optional[Test header in home page positive functionality]"]]>
              </value>
            </param>
          </params>
          <exception class="org.openqa.selenium.ElementClickInterceptedException">
            <message>
              <![CDATA[element click intercepted: Element <img id="icon" src="data:image/svg+xml;base64,PHN2ZyB4bWxucz0iaHR0cDovL3d3dy53My5vcmcvMjAwMC9zdmciIHdpZHRoPSIyMSIgaGVpZ2h0PSIyMSIgdmlld0JveD0iMCAwIDIxIDIxIj4KICAgIDxnIGZpbGw9Im5vbmUiIGZpbGwtcnVsZT0iZXZlbm9kZCI+CiAgICAgICAgPHBhdGggZD0iTTAgMGgyMXYyMUgweiIvPgogICAgICAgIDxwYXRoIGZpbGw9IiMwMDAiIGQ9Ik05LjY4MyAxNi4xNTZMMi40NyA4Ljk0NGEuODkuODkgMCAwIDEgMC0xLjI2bC44NC0uODRhLjg5Ljg5IDAgMCAxIDEuMjU5LS4wMDJsNS43NDMgNS43MTYgNS43NDItNS43MTZhLjg5Ljg5IDAgMCAxIDEuMjU4LjAwMmwuODQxLjg0YS44OS44OSAwIDAgMSAwIDEuMjZsLTcuMjEyIDcuMjEyYS44OS44OSAwIDAgMS0xLjI2IDB6IiBvcGFjaXR5PSIuNjk5Ii8+CiAgICA8L2c+Cjwvc3ZnPgo=" class="jss38 jss37 jss43"> is not clickable at point (1321, 39). Other element would receive the click: <div aria-hidden="true" style="z-index: -1; position: fixed; inset: 0px; background-color: transparent; -webkit-tap-highlight-color: transparent;"></div>
  (Session info: chrome=91.0.4472.124)
Build info: version: '3.12.0', revision: '7c6e0b3', time: '2018-05-08T14:04:26.12Z'
System info: host: 'DESKTOP-496DOAJ', ip: '192.168.28.229', os.name: 'Windows 10', os.arch: 'amd64', os.version: '10.0', java.version: '15.0.2'
Driver info: org.openqa.selenium.chrome.ChromeDriver
Capabilities {acceptInsecureCerts: false, browserName: chrome, browserVersion: 91.0.4472.124, chrome: {chromedriverVersion: 91.0.4472.19 (1bf021f248676..., userDataDir: C:\Users\Admin\AppData\Loca...}, goog:chromeOptions: {debuggerAddress: localhost:58307}, javascriptEnabled: true, networkConnectionEnabled: false, pageLoadStrategy: normal, platform: WINDOWS, platformName: WINDOWS, proxy: Proxy(), setWindowRect: true, strictFileInteractability: false, timeouts: {implicit: 0, pageLoad: 300000, script: 30000}, unhandledPromptBehavior: dismiss and notify, webauthn:extension:largeBlob: true, webauthn:virtualAuthenticators: true}
Session ID: ab08ebc23121c309133b2d66f3d74fbe]]>
            </message>
            <full-stacktrace>
              <![CDATA[org.openqa.selenium.ElementClickInterceptedException: element click intercepted: Element <img id="icon" src="data:image/svg+xml;base64,PHN2ZyB4bWxucz0iaHR0cDovL3d3dy53My5vcmcvMjAwMC9zdmciIHdpZHRoPSIyMSIgaGVpZ2h0PSIyMSIgdmlld0JveD0iMCAwIDIxIDIxIj4KICAgIDxnIGZpbGw9Im5vbmUiIGZpbGwtcnVsZT0iZXZlbm9kZCI+CiAgICAgICAgPHBhdGggZD0iTTAgMGgyMXYyMUgweiIvPgogICAgICAgIDxwYXRoIGZpbGw9IiMwMDAiIGQ9Ik05LjY4MyAxNi4xNTZMMi40NyA4Ljk0NGEuODkuODkgMCAwIDEgMC0xLjI2bC44NC0uODRhLjg5Ljg5IDAgMCAxIDEuMjU5LS4wMDJsNS43NDMgNS43MTYgNS43NDItNS43MTZhLjg5Ljg5IDAgMCAxIDEuMjU4LjAwMmwuODQxLjg0YS44OS44OSAwIDAgMSAwIDEuMjZsLTcuMjEyIDcuMjEyYS44OS44OSAwIDAgMS0xLjI2IDB6IiBvcGFjaXR5PSIuNjk5Ii8+CiAgICA8L2c+Cjwvc3ZnPgo=" class="jss38 jss37 jss43"> is not clickable at point (1321, 39). Other element would receive the click: <div aria-hidden="true" style="z-index: -1; position: fixed; inset: 0px; background-color: transparent; -webkit-tap-highlight-color: transparent;"></div>
  (Session info: chrome=91.0.4472.124)
Build info: version: '3.12.0', revision: '7c6e0b3', time: '2018-05-08T14:04:26.12Z'
System info: host: 'DESKTOP-496DOAJ', ip: '192.168.28.229', os.name: 'Windows 10', os.arch: 'amd64', os.version: '10.0', java.version: '15.0.2'
Driver info: org.openqa.selenium.chrome.ChromeDriver
Capabilities {acceptInsecureCerts: false, browserName: chrome, browserVersion: 91.0.4472.124, chrome: {chromedriverVersion: 91.0.4472.19 (1bf021f248676..., userDataDir: C:\Users\Admin\AppData\Loca...}, goog:chromeOptions: {debuggerAddress: localhost:58307}, javascriptEnabled: true, networkConnectionEnabled: false, pageLoadStrategy: normal, platform: WINDOWS, platformName: WINDOWS, proxy: Proxy(), setWindowRect: true, strictFileInteractability: false, timeouts: {implicit: 0, pageLoad: 300000, script: 30000}, unhandledPromptBehavior: dismiss and notify, webauthn:extension:largeBlob: true, webauthn:virtualAuthenticators: true}
Session ID: ab08ebc23121c309133b2d66f3d74fbe
at java.base/jdk.internal.reflect.NativeConstructorAccessorImpl.newInstance0(Native Method)
at java.base/jdk.internal.reflect.NativeConstructorAccessorImpl.newInstance(NativeConstructorAccessorImpl.java:64)
at java.base/jdk.internal.reflect.DelegatingConstructorAccessorImpl.newInstance(DelegatingConstructorAccessorImpl.java:45)
at java.base/java.lang.reflect.Constructor.newInstanceWithCaller(Constructor.java:500)
at java.base/java.lang.reflect.Constructor.newInstance(Constructor.java:481)
at org.openqa.selenium.remote.http.W3CHttpResponseCodec.createException(W3CHttpResponseCodec.java:187)
at org.openqa.selenium.remote.http.W3CHttpResponseCodec.decode(W3CHttpResponseCodec.java:122)
at org.openqa.selenium.remote.http.W3CHttpResponseCodec.decode(W3CHttpResponseCodec.java:49)
at org.openqa.selenium.remote.HttpCommandExecutor.execute(HttpCommandExecutor.java:158)
at org.openqa.selenium.remote.service.DriverCommandExecutor.execute(DriverCommandExecutor.java:83)
at org.openqa.selenium.remote.RemoteWebDriver.execute(RemoteWebDriver.java:543)
at org.openqa.selenium.remote.RemoteWebElement.execute(RemoteWebElement.java:276)
at org.openqa.selenium.remote.RemoteWebElement.click(RemoteWebElement.java:83)
at Reusable_Functions.Generic_function.click(Generic_function.java:290)
at Headerpage_positive_scenarios.Headerpage_positive_scenarios.click_dropDown(Headerpage_positive_scenarios.java:109)
at ?.Click on Drop down tab(file:///C:/Users/Admin/Downloads/mph-web-qa-automation/src/main/java/Headerpage_positive_scenarios/Headerpage_positive_scenarios.feature:42)
]]>
            </full-stacktrace>
          </exception> <!-- org.openqa.selenium.ElementClickInterceptedException -->
          <reporter-output>
          </reporter-output>
        </test-method> <!-- runScenario -->
        <test-method signature="runScenario(io.cucumber.testng.PickleWrapper, io.cucumber.testng.FeatureWrapper)[pri:0, instance:Runner_Files.Headerpage_positive_scenarios_runner@568ff82]" started-at="2021-07-12T19:07:08 IST" name="runScenario" description="Runs Cucumber Scenarios" data-provider="scenarios" finished-at="2021-07-12T19:07:09 IST" duration-ms="1129" status="FAIL">
          <params>
            <param index="0">
              <value>
                <![CDATA["Validate  the  Terms & Conditions dialogue box on clicking on the Terms & Conditions"]]>
              </value>
            </param>
            <param index="1">
              <value>
                <![CDATA["Optional[Test header in home page positive functionality]"]]>
              </value>
            </param>
          </params>
          <exception class="org.openqa.selenium.ElementClickInterceptedException">
[...]
Build info: version: '3.12.0', revision: '7c6e0b3', time: '2018-05-08T14:04:26.12Z'
System info: host: 'DESKTOP-496DOAJ', ip: '192.168.28.229', os.name: 'Windows 10', os.arch: 'amd64', os.version: '10.0', java.version: '15.0.2'
Driver info: org.openqa.selenium.chrome.ChromeDriver
Capabilities {acceptInsecureCerts: false, browserName: chrome, browserVersion: 91.0.4472.124, chrome: {chromedriverVersion: 91.0.4472.19 (1bf021f248676..., userDataDir: C:\Users\Admin\AppData\Loca...}, goog:chromeOptions: {debuggerAddress: localhost:54621}, javascriptEnabled: true, networkConnectionEnabled: false, pageLoadStrategy: normal, platform: WINDOWS, platformName: WINDOWS, proxy: Proxy(), setWindowRect: true, strictFileInteractability: false, timeouts: {implicit: 0, pageLoad: 300000, script: 30000}, unhandledPromptBehavior: dismiss and notify, webauthn:extension:largeBlob: true, webauthn:virtualAuthenticators: true}
Session ID: c6278ad7da5e5de68c6b0027cf6133d5
*** Element info: {Using=xpath, value=//*[@id="page-container"]/div[1]/div/input}
at jdk.internal.reflect.GeneratedConstructorAccessor41.newInstance(Unknown Source)
at java.base/jdk.internal.reflect.DelegatingConstructorAccessorImpl.newInstance(DelegatingConstructorAccessorImpl.java:45)
at java.base/java.lang.reflect.Constructor.newInstanceWithCaller(Constructor.java:500)
at java.base/java.lang.reflect.Constructor.newInstance(Constructor.java:481)
at org.openqa.selenium.remote.http.W3CHttpResponseCodec.createException(W3CHttpResponseCodec.java:187)
at org.openqa.selenium.remote.http.W3CHttpResponseCodec.decode(W3CHttpResponseCodec.java:122)
at org.openqa.selenium.remote.http.W3CHttpResponseCodec.decode(W3CHttpResponseCodec.java:49)
at org.openqa.selenium.remote.HttpCommandExecutor.execute(HttpCommandExecutor.java:158)
at org.openqa.selenium.remote.service.DriverCommandExecutor.execute(DriverCommandExecutor.java:83)
at org.openqa.selenium.remote.RemoteWebDriver.execute(RemoteWebDriver.java:543)
at org.openqa.selenium.remote.RemoteWebDriver.findElement(RemoteWebDriver.java:317)
at org.openqa.selenium.remote.RemoteWebDriver.findElementByXPath(RemoteWebDriver.java:419)
at org.openqa.selenium.By$ByXPath.findElement(By.java:353)
at org.openqa.selenium.remote.RemoteWebDriver.findElement(RemoteWebDriver.java:309)
at Forgot_password_negative_scenarios.Forgot_password_negative_scenarios.enter_more_digits(Forgot_password_negative_scenarios.java:64)
at ?.Enter more than ten digit phone number(file:///C:/Users/Admin/Downloads/mph-web-qa-automation/src/main/java/Forgot_password_negative_scenarios/Forgot_password_negative_Scenarios.feature:13)
]]>
            </full-stacktrace>
          </exception> <!-- org.openqa.selenium.NoSuchElementException -->
          <reporter-output>
          </reporter-output>
        </test-method> <!-- runScenario -->
        <test-method signature="runScenario(io.cucumber.testng.PickleWrapper, io.cucumber.testng.FeatureWrapper)[pri:0, instance:Runner_Files.Forgot_password_negative_scenarios_runner@1ba9117e]" started-at="2021-07-12T19:22:29 IST" name="runScenario" description="Runs Cucumber Scenarios" data-provider="scenarios" finished-at="2021-07-12T19:22:29 IST" duration-ms="419" status="PASS">
          <params>
            <param index="0">
              <value>
                <![CDATA["Validate  the Send Reset Link button is disabled when Phone number field is blank"]]>
              </value>
            </param>
            <param index="1">
              <value>
                <![CDATA["Optional[User can reset password by clicking on Forgot password link]"]]>
              </value>
            </param>
          </params>
          <reporter-output>
          </reporter-output>
        </test-method> <!-- runScenario -->
        <test-method signature="runScenario(io.cucumber.testng.PickleWrapper, io.cucumber.testng.FeatureWrapper)[pri:0, instance:Runner_Files.Forgot_password_negative_scenarios_runner@1ba9117e]" started-at="2021-07-12T19:22:29 IST" name="runScenario" description="Runs Cucumber Scenarios" data-provider="scenarios" finished-at="2021-07-12T19:22:29 IST" duration-ms="37" status="FAIL">
          <params>
            <param index="0">
              <value>
                <![CDATA["Validate the  message on entering non registered phone number in the phone number field"]]>
              </value>
            </param>
            <param index="1">
              <value>
                <![CDATA["Optional[User can reset password by clicking on Forgot password link]"]]>
              </value>
            </param>
          </params>
          <exception class="io.cucumber.testng.UndefinedStepException">
            <message>
              <![CDATA[The step "Enter non registered phone number in the phone number field" is undefined. You can implement it using the snippet(s) below:

@When("Enter non registered phone number in the phone number field")
public void enter_non_registered_phone_number_in_the_phone_number_field() {
    // Write code here that turns the phrase above into concrete actions
    throw new io.cucumber.java.PendingException();
}
]]>
            </message>
            <full-stacktrace>
              <![CDATA[io.cucumber.testng.UndefinedStepException: The step "Enter non registered phone number in the phone number field" is undefined. You can implement it using the snippet(s) below:

@When("Enter non registered phone number in the phone number field")
public void enter_non_registered_phone_number_in_the_phone_number_field() {
    // Write code here that turns the phrase above into concrete actions
    throw new io.cucumber.java.PendingException();
}

at io.cucumber.core.runtime.TestCaseResultObserver.assertTestCasePassed(TestCaseResultObserver.java:102)
at io.cucumber.testng.TestCaseResultObserver.assertTestCasePassed(TestCaseResultObserver.java:23)
at io.cucumber.testng.TestNGCucumberRunner.lambda$runScenario$0(TestNGCucumberRunner.java:117)
at io.cucumber.core.runtime.CucumberExecutionContext.runTestCase(CucumberExecutionContext.java:117)
at io.cucumber.testng.TestNGCucumberRunner.runScenario(TestNGCucumberRunner.java:113)
at io.cucumber.testng.AbstractTestNGCucumberTests.runScenario(AbstractTestNGCucumberTests.java:31)
at jdk.internal.reflect.GeneratedMethodAccessor103.invoke(Unknown Source)
at java.base/jdk.internal.reflect.DelegatingMethodAccessorImpl.invoke(DelegatingMethodAccessorImpl.java:43)
at java.base/java.lang.reflect.Method.invoke(Method.java:564)
at org.testng.internal.MethodInvocationHelper.invokeMethod(MethodInvocationHelper.java:134)
at org.testng.internal.TestInvoker.invokeMethod(TestInvoker.java:597)
at org.testng.internal.TestInvoker.invokeTestMethod(TestInvoker.java:173)
at org.testng.internal.MethodRunner.runInSequence(MethodRunner.java:46)
at org.testng.internal.TestInvoker$MethodInvocationAgent.invoke(TestInvoker.java:816)
at org.testng.internal.TestInvoker.invokeTestMethods(TestInvoker.java:146)
at org.testng.internal.TestMethodWorker.invokeTestMethods(TestMethodWorker.java:146)
at org.testng.internal.TestMethodWorker.run(TestMethodWorker.java:128)
at java.base/java.util.ArrayList.forEach(ArrayList.java:1511)
at org.testng.TestRunner.privateRun(TestRunner.java:766)
at org.testng.TestRunner.run(TestRunner.java:587)
at org.testng.SuiteRunner.runTest(SuiteRunner.java:384)
at org.testng.SuiteRunner.access$000(SuiteRunner.java:28)
at org.testng.SuiteRunner$SuiteWorker.run(SuiteRunner.java:425)
at org.testng.internal.thread.ThreadUtil.lambda$execute$0(ThreadUtil.java:68)
at java.base/java.util.concurrent.FutureTask.run(FutureTask.java:264)
at java.base/java.util.concurrent.ThreadPoolExecutor.runWorker(ThreadPoolExecutor.java:1130)
at java.base/java.util.concurrent.ThreadPoolExecutor$Worker.run(ThreadPoolExecutor.java:630)
at java.base/java.lang.Thread.run(Thread.java:832)
]]>
            </full-stacktrace>
          </exception> <!-- io.cucumber.testng.UndefinedStepException -->
          <reporter-output>
          </reporter-output>
        </test-method> <!-- runScenario -->
        <test-method is-config="true" signature="tearDownClass()[pri:0, instance:Runner_Files.Forgot_password_negative_scenarios_runner@1ba9117e]" started-at="2021-07-12T19:22:29 IST" name="tearDownClass" finished-at="2021-07-12T19:22:31 IST" duration-ms="2198" status="PASS">
          <reporter-output>
          </reporter-output>
        </test-method> <!-- tearDownClass -->
      </class> <!-- Runner_Files.Forgot_password_negative_scenarios_runner -->
    </test> <!-- Test23 -->
    <test started-at="2021-07-12T19:22:31 IST" name="Test24" finished-at="2021-07-12T19:22:51 IST" duration-ms="20011">
      <class name="Runner_Files.Forgot_password_positive_scenarios_runner">
        <test-method is-config="true" signature="setUpClass()[pri:0, instance:Runner_Files.Forgot_password_positive_scenarios_runner@66498326]" started-at="2021-07-12T19:22:31 IST" name="setUpClass" finished-at="2021-07-12T19:22:32 IST" duration-ms="73" status="PASS">
          <reporter-output>
          </reporter-output>
        </test-method> <!-- setUpClass -->
        <test-method signature="runScenario(io.cucumber.testng.PickleWrapper, io.cucumber.testng.FeatureWrapper)[pri:0, instance:Runner_Files.Forgot_password_positive_scenarios_runner@66498326]" started-at="2021-07-12T19:22:32 IST" name="runScenario" description="Runs Cucumber Scenarios" data-provider="scenarios" finished-at="2021-07-12T19:22:49 IST" duration-ms="17854" status="PASS">
          <params>
            <param index="0">
              <value>
                <![CDATA["Validate that the  user should  able to enter ten digit number in Phone Number field"]]>
              </value>
            </param>
            <param index="1">
              <value>
                <![CDATA["Optional[Test forgot password page positive functionality]"]]>
              </value>
            </param>
          </params>
          <reporter-output>
          </reporter-output>
        </test-method> <!-- runScenario -->
        <test-method signature="runScenario(io.cucumber.testng.PickleWrapper, io.cucumber.testng.FeatureWrapper)[pri:0, instance:Runner_Files.Forgot_password_positive_scenarios_runner@66498326]" started-at="2021-07-12T19:22:49 IST" name="runScenario" description="Runs Cucumber Scenarios" data-provider="scenarios" finished-at="2021-07-12T19:22:49 IST" duration-ms="15" status="FAIL">
          <params>
            <param index="0">
              <value>
                <![CDATA["Validate Reset Link button on entering valid phone number in Phone number field"]]>
              </value>
            </param>
            <param index="1">
              <value>
                <![CDATA["Optional[Test forgot password page positive functionality]"]]>
              </value>
            </param>
          </params>
          <exception class="org.openqa.selenium.NoSuchElementException">
            <message>
              <![CDATA[no such element: Unable to locate element: {"method":"xpath","selector":"//*[@id="page-container"]/div[1]/div/input"}
  (Session info: chrome=91.0.4472.124)
For documentation on this error, please visit: http://seleniumhq.org/exceptions/no_such_element.html
Build info: version: '3.12.0', revision: '7c6e0b3', time: '2018-05-08T14:04:26.12Z'
System info: host: 'DESKTOP-496DOAJ', ip: '192.168.28.229', os.name: 'Windows 10', os.arch: 'amd64', os.version: '10.0', java.version: '15.0.2'
Driver info: org.openqa.selenium.chrome.ChromeDriver
Capabilities {acceptInsecureCerts: false, browserName: chrome, browserVersion: 91.0.4472.124, chrome: {chromedriverVersion: 91.0.4472.19 (1bf021f248676..., userDataDir: C:\Users\Admin\AppData\Loca...}, goog:chromeOptions: {debuggerAddress: localhost:53465}, javascriptEnabled: true, networkConnectionEnabled: false, pageLoadStrategy: normal, platform: WINDOWS, platformName: WINDOWS, proxy: Proxy(), setWindowRect: true, strictFileInteractability: false, timeouts: {implicit: 0, pageLoad: 300000, script: 30000}, unhandledPromptBehavior: dismiss and notify, webauthn:extension:largeBlob: true, webauthn:virtualAuthenticators: true}
Session ID: e611ac9f59b2aa2cdb8d2668abeeef8e
*** Element info: {Using=xpath, value=//*[@id="page-container"]/div[1]/div/input}]]>
            </message>
            <full-stacktrace>
              <![CDATA[org.openqa.selenium.NoSuchElementException: no such element: Unable to locate element: {"method":"xpath","selector":"//*[@id="page-container"]/div[1]/div/input"}
  (Session info: chrome=91.0.4472.124)
For documentation on this error, please visit: http://seleniumhq.org/exceptions/no_such_element.html
Build info: version: '3.12.0', revision: '7c6e0b3', time: '2018-05-08T14:04:26.12Z'
System info: host: 'DESKTOP-496DOAJ', ip: '192.168.28.229', os.name: 'Windows 10', os.arch: 'amd64', os.version: '10.0', java.version: '15.0.2'
Driver info: org.openqa.selenium.chrome.ChromeDriver
Capabilities {acceptInsecureCerts: false, browserName: chrome, browserVersion: 91.0.4472.124, chrome: {chromedriverVersion: 91.0.4472.19 (1bf021f248676..., userDataDir: C:\Users\Admin\AppData\Loca...}, goog:chromeOptions: {debuggerAddress: localhost:53465}, javascriptEnabled: true, networkConnectionEnabled: false, pageLoadStrategy: normal, platform: WINDOWS, platformName: WINDOWS, proxy: Proxy(), setWindowRect: true, strictFileInteractability: false, timeouts: {implicit: 0, pageLoad: 300000, script: 30000}, unhandledPromptBehavior: dismiss and notify, webauthn:extension:largeBlob: true, webauthn:virtualAuthenticators: true}
Session ID: e611ac9f59b2aa2cdb8d2668abeeef8e
*** Element info: {Using=xpath, value=//*[@id="page-container"]/div[1]/div/input}
at jdk.internal.reflect.GeneratedConstructorAccessor41.newInstance(Unknown Source)
at java.base/jdk.internal.reflect.DelegatingConstructorAccessorImpl.newInstance(DelegatingConstructorAccessorImpl.java:45)
at java.base/java.lang.reflect.Constructor.newInstanceWithCaller(Constructor.java:500)
at java.base/java.lang.reflect.Constructor.newInstance(Constructor.java:481)
at org.openqa.selenium.remote.http.W3CHttpResponseCodec.createException(W3CHttpResponseCodec.java:187)
at org.openqa.selenium.remote.http.W3CHttpResponseCodec.decode(W3CHttpResponseCodec.java:122)
at org.openqa.selenium.remote.http.W3CHttpResponseCodec.decode(W3CHttpResponseCodec.java:49)
at org.openqa.selenium.remote.HttpCommandExecutor.execute(HttpCommandExecutor.java:158)
at org.openqa.selenium.remote.service.DriverCommandExecutor.execute(DriverCommandExecutor.java:83)
at org.openqa.selenium.remote.RemoteWebDriver.execute(RemoteWebDriver.java:543)
at org.openqa.selenium.remote.RemoteWebDriver.findElement(RemoteWebDriver.java:317)
at org.openqa.selenium.remote.RemoteWebDriver.findElementByXPath(RemoteWebDriver.java:419)
at org.openqa.selenium.By$ByXPath.findElement(By.java:353)
at org.openqa.selenium.remote.RemoteWebDriver.findElement(RemoteWebDriver.java:309)
at Forgot_password_positive_scenarios.Forgot_password_positive_scenarios.resetlink_enable(Forgot_password_positive_scenarios.java:52)
at ?.Send Reset Link button gets enabled(file:///C:/Users/Admin/Downloads/mph-web-qa-automation/src/main/java/Forgot_password_positive_scenarios/Forgot_password_positive_scenarios.feature:10)
]]>
            </full-stacktrace>
          </exception> <!-- org.openqa.selenium.NoSuchElementException -->
          <reporter-output>
          </reporter-output>
        </test-method> <!-- runScenario -->
        <test-method signature="runScenario(io.cucumber.testng.PickleWrapper, io.cucumber.testng.FeatureWrapper)[pri:0, instance:Runner_Files.Forgot_password_positive_scenarios_runner@66498326]" started-at="2021-07-12T19:22:49 IST" name="runScenario" description="Runs Cucumber Scenarios" data-provider="scenarios" finished-at="2021-07-12T19:22:49 IST" duration-ms="3" status="FAIL">
          <params>
            <param index="0">
              <value>
                <![CDATA["Validate sign up page on clicking Sign up link"]]>
              </value>
            </param>
            <param index="1">
              <value>
                <![CDATA["Optional[Test forgot password page positive functionality]"]]>
              </value>
            </param>
          </params>
          <exception class="io.cucumber.testng.UndefinedStepException">
            <message>
              <![CDATA[The step "Click on Sign up link" is undefined. You can implement it using the snippet(s) below:

@When("Click on Sign up link")
public void click_on_sign_up_link() {
    // Write code here that turns the phrase above into concrete actions
    throw new io.cucumber.java.PendingException();
}
]]>
            </message>
            <full-stacktrace>
              <![CDATA[io.cucumber.testng.UndefinedStepException: The step "Click on Sign up link" is undefined. You can implement it using the snippet(s) below:

@When("Click on Sign up link")
public void click_on_sign_up_link() {
    // Write code here that turns the phrase above into concrete actions
    throw new io.cucumber.java.PendingException();
}

at io.cucumber.core.runtime.TestCaseResultObserver.assertTestCasePassed(TestCaseResultObserver.java:102)
at io.cucumber.testng.TestCaseResultObserver.assertTestCasePassed(TestCaseResultObserver.java:23)
at io.cucumber.testng.TestNGCucumberRunner.lambda$runScenario$0(TestNGCucumberRunner.java:117)
at io.cucumber.core.runtime.CucumberExecutionContext.runTestCase(CucumberExecutionContext.java:117)
at io.cucumber.testng.TestNGCucumberRunner.runScenario(TestNGCucumberRunner.java:113)
at io.cucumber.testng.AbstractTestNGCucumberTests.runScenario(AbstractTestNGCucumberTests.java:31)
at jdk.internal.reflect.GeneratedMethodAccessor103.invoke(Unknown Source)
at java.base/jdk.internal.reflect.DelegatingMethodAccessorImpl.invoke(DelegatingMethodAccessorImpl.java:43)
at java.base/java.lang.reflect.Method.invoke(Method.java:564)
at org.testng.internal.MethodInvocationHelper.invokeMethod(MethodInvocationHelper.java:134)
at org.testng.internal.TestInvoker.invokeMethod(TestInvoker.java:597)
at org.testng.internal.TestInvoker.invokeTestMethod(TestInvoker.java:173)
at org.testng.internal.MethodRunner.runInSequence(MethodRunner.java:46)
at org.testng.internal.TestInvoker$MethodInvocationAgent.invoke(TestInvoker.java:816)
at org.testng.internal.TestInvoker.invokeTestMethods(TestInvoker.java:146)
at org.testng.internal.TestMethodWorker.invokeTestMethods(TestMethodWorker.java:146)
at org.testng.internal.TestMethodWorker.run(TestMethodWorker.java:128)
at java.base/java.util.ArrayList.forEach(ArrayList.java:1511)
at org.testng.TestRunner.privateRun(TestRunner.java:766)
at org.testng.TestRunner.run(TestRunner.java:587)
at org.testng.SuiteRunner.runTest(SuiteRunner.java:384)
at org.testng.SuiteRunner.access$000(SuiteRunner.java:28)
at org.testng.SuiteRunner$SuiteWorker.run(SuiteRunner.java:425)
at org.testng.internal.thread.ThreadUtil.lambda$execute$0(ThreadUtil.java:68)
at java.base/java.util.concurrent.FutureTask.run(FutureTask.java:264)
at java.base/java.util.concurrent.ThreadPoolExecutor.runWorker(ThreadPoolExecutor.java:1130)
at java.base/java.util.concurrent.ThreadPoolExecutor$Worker.run(ThreadPoolExecutor.java:630)
at java.base/java.lang.Thread.run(Thread.java:832)
]]>
            </full-stacktrace>
          </exception> <!-- io.cucumber.testng.UndefinedStepException -->
          <reporter-output>
          </reporter-output>
        </test-method> <!-- runScenario -->
        <test-method is-config="true" signature="tearDownClass()[pri:0, instance:Runner_Files.Forgot_password_positive_scenarios_runner@66498326]" started-at="2021-07-12T19:22:49 IST" name="tearDownClass" finished-at="2021-07-12T19:22:51 IST" duration-ms="2065" status="PASS">
          <reporter-output>
          </reporter-output>
        </test-method> <!-- tearDownClass -->
      </class> <!-- Runner_Files.Forgot_password_positive_scenarios_runner -->
    </test> <!-- Test24 -->
  </suite> <!-- Suite -->
</testng-results>
