<?xml version="1.0" encoding="UTF-8"?>
<!-- Generated by org.testng.reporters.JUnitReportReporter -->
<testsuite hostname="DESKTOP-496DOAJ" failures="0" tests="11" name="Runner_Files.Headerpage_positive_scenarios_runner" time="29.242" errors="7" timestamp="2021-07-12T20:16:07 IST" skipped="0">
  <testcase classname="Runner_Files.Headerpage_positive_scenarios_runner" name="runScenario" time="0.262"/>
  <system-out/>
  <testcase classname="Runner_Files.Headerpage_positive_scenarios_runner" name="runScenario" time="1.129">
    <error message="element click intercepted: Element &lt;img id=&quot;icon&quot; src=&quot;data:image/svg+xml;base64,PHN2ZyB4bWxucz0iaHR0cDovL3d3dy53My5vcmcvMjAwMC9zdmciIHdpZHRoPSIyMSIgaGVpZ2h0PSIyMSIgdmlld0JveD0iMCAwIDIxIDIxIj4KICAgIDxnIGZpbGw9Im5vbmUiIGZpbGwtcnVsZT0iZXZlbm9kZCI+CiAgICAgICAgPHBhdGggZD0iTTAgMGgyMXYyMUgweiIvPgogICAgICAgIDxwYXRoIGZpbGw9IiMwMDAiIGQ9Ik05LjY4MyAxNi4xNTZMMi40NyA4Ljk0NGEuODkuODkgMCAwIDEgMC0xLjI2bC44NC0uODRhLjg5Ljg5IDAgMCAxIDEuMjU5LS4wMDJsNS43NDMgNS43MTYgNS43NDItNS43MTZhLjg5Ljg5IDAgMCAxIDEuMjU4LjAwMmwuODQxLjg0YS44OS44OSAwIDAgMSAwIDEuMjZsLTcuMjEyIDcuMjEyYS44OS44OSAwIDAgMS0xLjI2IDB6IiBvcGFjaXR5PSIuNjk5Ii8+CiAgICA8L2c+Cjwvc3ZnPgo=&quot; class=&quot;jss38 jss37 jss43&quot;&gt; is not clickable at point (1321, 39). Other element would receive the click: &lt;div aria-hidden=&quot;true&quot; style=&quot;z-index: -1; position: fixed; inset: 0px; background-color: transparent; -webkit-tap-highlight-color: transparent;&quot;&gt;&lt;/div&gt;
  (Session info: chrome=91.0.4472.124)
Build info: version: &#039;3.12.0&#039;, revision: &#039;7c6e0b3&#039;, time: &#039;2018-05-08T14:04:26.12Z&#039;
System info: host: &#039;DESKTOP-496DOAJ&#039;, ip: &#039;192.168.28.229&#039;, os.name: &#039;Windows 10&#039;, os.arch: &#039;amd64&#039;, os.version: &#039;10.0&#039;, java.version: &#039;15.0.2&#039;
Driver info: org.openqa.selenium.chrome.ChromeDriver
Capabilities {acceptInsecureCerts: false, browserName: chrome, browserVersion: 91.0.4472.124, chrome: {chromedriverVersion: 91.0.4472.19 (1bf021f248676..., userDataDir: C:\Users\Admin\AppData\Loca...}, goog:chromeOptions: {debuggerAddress: localhost:50378}, javascriptEnabled: true, networkConnectionEnabled: false, pageLoadStrategy: normal, platform: WINDOWS, platformName: WINDOWS, proxy: Proxy(), setWindowRect: true, strictFileInteractability: false, timeouts: {implicit: 0, pageLoad: 300000, script: 30000}, unhandledPromptBehavior: dismiss and notify, webauthn:extension:largeBlob: true, webauthn:virtualAuthenticators: true}
Session ID: bc633f5e5b75536dc1157366dc81df19" type="org.openqa.selenium.ElementClickInterceptedException">
      <![CDATA[org.openqa.selenium.ElementClickInterceptedException: element click intercepted: Element <img id="icon" src="data:image/svg+xml;base64,PHN2ZyB4bWxucz0iaHR0cDovL3d3dy53My5vcmcvMjAwMC9zdmciIHdpZHRoPSIyMSIgaGVpZ2h0PSIyMSIgdmlld0JveD0iMCAwIDIxIDIxIj4KICAgIDxnIGZpbGw9Im5vbmUiIGZpbGwtcnVsZT0iZXZlbm9kZCI+CiAgICAgICAgPHBhdGggZD0iTTAgMGgyMXYyMUgweiIvPgogICAgICAgIDxwYXRoIGZpbGw9IiMwMDAiIGQ9Ik05LjY4MyAxNi4xNTZMMi40NyA4Ljk0NGEuODkuODkgMCAwIDEgMC0xLjI2bC44NC0uODRhLjg5Ljg5IDAgMCAxIDEuMjU5LS4wMDJsNS43NDMgNS43MTYgNS43NDItNS43MTZhLjg5Ljg5IDAgMCAxIDEuMjU4LjAwMmwuODQxLjg0YS44OS44OSAwIDAgMSAwIDEuMjZsLTcuMjEyIDcuMjEyYS44OS44OSAwIDAgMS0xLjI2IDB6IiBvcGFjaXR5PSIuNjk5Ii8+CiAgICA8L2c+Cjwvc3ZnPgo=" class="jss38 jss37 jss43"> is not clickable at point (1321, 39). Other element would receive the click: <div aria-hidden="true" style="z-index: -1; position: fixed; inset: 0px; background-color: transparent; -webkit-tap-highlight-color: transparent;"></div>
  (Session info: chrome=91.0.4472.124)
Build info: version: '3.12.0', revision: '7c6e0b3', time: '2018-05-08T14:04:26.12Z'
System info: host: 'DESKTOP-496DOAJ', ip: '192.168.28.229', os.name: 'Windows 10', os.arch: 'amd64', os.version: '10.0', java.version: '15.0.2'
Driver info: org.openqa.selenium.chrome.ChromeDriver
Capabilities {acceptInsecureCerts: false, browserName: chrome, browserVersion: 91.0.4472.124, chrome: {chromedriverVersion: 91.0.4472.19 (1bf021f248676..., userDataDir: C:\Users\Admin\AppData\Loca...}, goog:chromeOptions: {debuggerAddress: localhost:50378}, javascriptEnabled: true, networkConnectionEnabled: false, pageLoadStrategy: normal, platform: WINDOWS, platformName: WINDOWS, proxy: Proxy(), setWindowRect: true, strictFileInteractability: false, timeouts: {implicit: 0, pageLoad: 300000, script: 30000}, unhandledPromptBehavior: dismiss and notify, webauthn:extension:largeBlob: true, webauthn:virtualAuthenticators: true}
Session ID: bc633f5e5b75536dc1157366dc81df19
at java.base/jdk.internal.reflect.NativeConstructorAccessorImpl.newInstance0(Native Method)
at java.base/jdk.internal.reflect.NativeConstructorAccessorImpl.newInstance(NativeConstructorAccessorImpl.java:64)
at java.base/jdk.internal.reflect.DelegatingConstructorAccessorImpl.newInstance(DelegatingConstructorAccessorImpl.java:45)
at java.base/java.lang.reflect.Constructor.newInstanceWithCaller(Constructor.java:500)
at java.base/java.lang.reflect.Constructor.newInstance(Constructor.java:481)
at org.openqa.selenium.remote.http.W3CHttpResponseCodec.createException(W3CHttpResponseCodec.java:187)
at org.openqa.selenium.remote.http.W3CHttpResponseCodec.decode(W3CHttpResponseCodec.java:122)
at org.openqa.selenium.remote.http.W3CHttpResponseCodec.decode(W3CHttpResponseCodec.java:49)
at org.openqa.selenium.remote.HttpCommandExecutor.execute(HttpCommandExecutor.java:158)
at org.openqa.selenium.remote.service.DriverCommandExecutor.execute(DriverCommandExecutor.java:83)
at org.openqa.selenium.remote.RemoteWebDriver.execute(RemoteWebDriver.java:543)
at org.openqa.selenium.remote.RemoteWebElement.execute(RemoteWebElement.java:276)
at org.openqa.selenium.remote.RemoteWebElement.click(RemoteWebElement.java:83)
at Reusable_Functions.Generic_function.click(Generic_function.java:290)
at Headerpage_positive_scenarios.Headerpage_positive_scenarios.click_dropDown(Headerpage_positive_scenarios.java:109)
at ✽.Click on Drop down tab(file:///C:/Users/Admin/Downloads/mph-web-qa-automation/src/main/java/Headerpage_positive_scenarios/Headerpage_positive_scenarios.feature:32)
]]>
    </error>
  </testcase> <!-- runScenario -->
  <system-out/>
  <testcase classname="Runner_Files.Headerpage_positive_scenarios_runner" name="runScenario" time="1.157">
    <error message="element click intercepted: Element &lt;img id=&quot;icon&quot; src=&quot;data:image/svg+xml;base64,PHN2ZyB4bWxucz0iaHR0cDovL3d3dy53My5vcmcvMjAwMC9zdmciIHdpZHRoPSIyMSIgaGVpZ2h0PSIyMSIgdmlld0JveD0iMCAwIDIxIDIxIj4KICAgIDxnIGZpbGw9Im5vbmUiIGZpbGwtcnVsZT0iZXZlbm9kZCI+CiAgICAgICAgPHBhdGggZD0iTTAgMGgyMXYyMUgweiIvPgogICAgICAgIDxwYXRoIGZpbGw9IiMwMDAiIGQ9Ik05LjY4MyAxNi4xNTZMMi40NyA4Ljk0NGEuODkuODkgMCAwIDEgMC0xLjI2bC44NC0uODRhLjg5Ljg5IDAgMCAxIDEuMjU5LS4wMDJsNS43NDMgNS43MTYgNS43NDItNS43MTZhLjg5Ljg5IDAgMCAxIDEuMjU4LjAwMmwuODQxLjg0YS44OS44OSAwIDAgMSAwIDEuMjZsLTcuMjEyIDcuMjEyYS44OS44OSAwIDAgMS0xLjI2IDB6IiBvcGFjaXR5PSIuNjk5Ii8+CiAgICA8L2c+Cjwvc3ZnPgo=&quot; class=&quot;jss38 jss37 jss43&quot;&gt; is not clickable at point (1321, 39). Other element would receive the click: &lt;div aria-hidden=&quot;true&quot; style=&quot;z-index: -1; position: fixed; inset: 0px; background-color: transparent; -webkit-tap-highlight-color: transparent;&quot;&gt;&lt;/div&gt;
  (Session info: chrome=91.0.4472.124)
Build info: version: &#039;3.12.0&#039;, revision: &#039;7c6e0b3&#039;, time: &#039;2018-05-08T14:04:26.12Z&#039;
System info: host: &#039;DESKTOP-496DOAJ&#039;, ip: &#039;192.168.28.229&#039;, os.name: &#039;Windows 10&#039;, os.arch: &#039;amd64&#039;, os.version: &#039;10.0&#039;, java.version: &#039;15.0.2&#039;
Driver info: org.openqa.selenium.chrome.ChromeDriver
Capabilities {acceptInsecureCerts: false, browserName: chrome, browserVersion: 91.0.4472.124, chrome: {chromedriverVersion: 91.0.4472.19 (1bf021f248676..., userDataDir: C:\Users\Admin\AppData\Loca...}, goog:chromeOptions: {debuggerAddress: localhost:50378}, javascriptEnabled: true, networkConnectionEnabled: false, pageLoadStrategy: normal, platform: WINDOWS, platformName: WINDOWS, proxy: Proxy(), setWindowRect: true, strictFileInteractability: false, timeouts: {implicit: 0, pageLoad: 300000, script: 30000}, unhandledPromptBehavior: dismiss and notify, webauthn:extension:largeBlob: true, webauthn:virtualAuthenticators: true}
Session ID: bc633f5e5b75536dc1157366dc81df19" type="org.openqa.selenium.ElementClickInterceptedException">
      <![CDATA[org.openqa.selenium.ElementClickInterceptedException: element click intercepted: Element <img id="icon" src="data:image/svg+xml;base64,PHN2ZyB4bWxucz0iaHR0cDovL3d3dy53My5vcmcvMjAwMC9zdmciIHdpZHRoPSIyMSIgaGVpZ2h0PSIyMSIgdmlld0JveD0iMCAwIDIxIDIxIj4KICAgIDxnIGZpbGw9Im5vbmUiIGZpbGwtcnVsZT0iZXZlbm9kZCI+CiAgICAgICAgPHBhdGggZD0iTTAgMGgyMXYyMUgweiIvPgogICAgICAgIDxwYXRoIGZpbGw9IiMwMDAiIGQ9Ik05LjY4MyAxNi4xNTZMMi40NyA4Ljk0NGEuODkuODkgMCAwIDEgMC0xLjI2bC44NC0uODRhLjg5Ljg5IDAgMCAxIDEuMjU5LS4wMDJsNS43NDMgNS43MTYgNS43NDItNS43MTZhLjg5Ljg5IDAgMCAxIDEuMjU4LjAwMmwuODQxLjg0YS44OS44OSAwIDAgMSAwIDEuMjZsLTcuMjEyIDcuMjEyYS44OS44OSAwIDAgMS0xLjI2IDB6IiBvcGFjaXR5PSIuNjk5Ii8+CiAgICA8L2c+Cjwvc3ZnPgo=" class="jss38 jss37 jss43"> is not clickable at point (1321, 39). Other element would receive the click: <div aria-hidden="true" style="z-index: -1; position: fixed; inset: 0px; background-color: transparent; -webkit-tap-highlight-color: transparent;"></div>
  (Session info: chrome=91.0.4472.124)
Build info: version: '3.12.0', revision: '7c6e0b3', time: '2018-05-08T14:04:26.12Z'
System info: host: 'DESKTOP-496DOAJ', ip: '192.168.28.229', os.name: 'Windows 10', os.arch: 'amd64', os.version: '10.0', java.version: '15.0.2'
Driver info: org.openqa.selenium.chrome.ChromeDriver
Capabilities {acceptInsecureCerts: false, browserName: chrome, browserVersion: 91.0.4472.124, chrome: {chromedriverVersion: 91.0.4472.19 (1bf021f248676..., userDataDir: C:\Users\Admin\AppData\Loca...}, goog:chromeOptions: {debuggerAddress: localhost:50378}, javascriptEnabled: true, networkConnectionEnabled: false, pageLoadStrategy: normal, platform: WINDOWS, platformName: WINDOWS, proxy: Proxy(), setWindowRect: true, strictFileInteractability: false, timeouts: {implicit: 0, pageLoad: 300000, script: 30000}, unhandledPromptBehavior: dismiss and notify, webauthn:extension:largeBlob: true, webauthn:virtualAuthenticators: true}
Session ID: bc633f5e5b75536dc1157366dc81df19
at java.base/jdk.internal.reflect.NativeConstructorAccessorImpl.newInstance0(Native Method)
at java.base/jdk.internal.reflect.NativeConstructorAccessorImpl.newInstance(NativeConstructorAccessorImpl.java:64)
at java.base/jdk.internal.reflect.DelegatingConstructorAccessorImpl.newInstance(DelegatingConstructorAccessorImpl.java:45)
at java.base/java.lang.reflect.Constructor.newInstanceWithCaller(Constructor.java:500)
at java.base/java.lang.reflect.Constructor.newInstance(Constructor.java:481)
at org.openqa.selenium.remote.http.W3CHttpResponseCodec.createException(W3CHttpResponseCodec.java:187)
at org.openqa.selenium.remote.http.W3CHttpResponseCodec.decode(W3CHttpResponseCodec.java:122)
at org.openqa.selenium.remote.http.W3CHttpResponseCodec.decode(W3CHttpResponseCodec.java:49)
at org.openqa.selenium.remote.HttpCommandExecutor.execute(HttpCommandExecutor.java:158)
at org.openqa.selenium.remote.service.DriverCommandExecutor.execute(DriverCommandExecutor.java:83)
at org.openqa.selenium.remote.RemoteWebDriver.execute(RemoteWebDriver.java:543)
at org.openqa.selenium.remote.RemoteWebElement.execute(RemoteWebElement.java:276)
at org.openqa.selenium.remote.RemoteWebElement.click(RemoteWebElement.java:83)
at Reusable_Functions.Generic_function.click(Generic_function.java:290)
at Headerpage_positive_scenarios.Headerpage_positive_scenarios.click_dropDown(Headerpage_positive_scenarios.java:109)
at ✽.Click on Drop down tab(file:///C:/Users/Admin/Downloads/mph-web-qa-automation/src/main/java/Headerpage_positive_scenarios/Headerpage_positive_scenarios.feature:47)
]]>
    </error>
  </testcase> <!-- runScenario -->
  <system-out/>
  <testcase classname="Runner_Files.Headerpage_positive_scenarios_runner" name="runScenario" time="0.281"/>
  <system-out/>
  <testcase classname="Runner_Files.Headerpage_positive_scenarios_runner" name="runScenario" time="1.137">
    <error message="element click intercepted: Element &lt;img id=&quot;icon&quot; src=&quot;data:image/svg+xml;base64,PHN2ZyB4bWxucz0iaHR0cDovL3d3dy53My5vcmcvMjAwMC9zdmciIHdpZHRoPSIyMSIgaGVpZ2h0PSIyMSIgdmlld0JveD0iMCAwIDIxIDIxIj4KICAgIDxnIGZpbGw9Im5vbmUiIGZpbGwtcnVsZT0iZXZlbm9kZCI+CiAgICAgICAgPHBhdGggZD0iTTAgMGgyMXYyMUgweiIvPgogICAgICAgIDxwYXRoIGZpbGw9IiMwMDAiIGQ9Ik05LjY4MyAxNi4xNTZMMi40NyA4Ljk0NGEuODkuODkgMCAwIDEgMC0xLjI2bC44NC0uODRhLjg5Ljg5IDAgMCAxIDEuMjU5LS4wMDJsNS43NDMgNS43MTYgNS43NDItNS43MTZhLjg5Ljg5IDAgMCAxIDEuMjU4LjAwMmwuODQxLjg0YS44OS44OSAwIDAgMSAwIDEuMjZsLTcuMjEyIDcuMjEyYS44OS44OSAwIDAgMS0xLjI2IDB6IiBvcGFjaXR5PSIuNjk5Ii8+CiAgICA8L2c+Cjwvc3ZnPgo=&quot; class=&quot;jss38 jss37 jss43&quot;&gt; is not clickable at point (1321, 39). Other element would receive the click: &lt;div aria-hidden=&quot;true&quot; style=&quot;z-index: -1; position: fixed; inset: 0px; background-color: transparent; -webkit-tap-highlight-color: transparent;&quot;&gt;&lt;/div&gt;
  (Session info: chrome=91.0.4472.124)
Build info: version: &#039;3.12.0&#039;, revision: &#039;7c6e0b3&#039;, time: &#039;2018-05-08T14:04:26.12Z&#039;
System info: host: &#039;DESKTOP-496DOAJ&#039;, ip: &#039;192.168.28.229&#039;, os.name: &#039;Windows 10&#039;, os.arch: &#039;amd64&#039;, os.version: &#039;10.0&#039;, java.version: &#039;15.0.2&#039;
Driver info: org.openqa.selenium.chrome.ChromeDriver
Capabilities {acceptInsecureCerts: false, browserName: chrome, browserVersion: 91.0.4472.124, chrome: {chromedriverVersion: 91.0.4472.19 (1bf021f248676..., userDataDir: C:\Users\Admin\AppData\Loca...}, goog:chromeOptions: {debuggerAddress: localhost:50378}, javascriptEnabled: true, networkConnectionEnabled: false, pageLoadStrategy: normal, platform: WINDOWS, platformName: WINDOWS, proxy: Proxy(), setWindowRect: true, strictFileInteractability: false, timeouts: {implicit: 0, pageLoad: 300000, script: 30000}, unhandledPromptBehavior: dismiss and notify, webauthn:extension:largeBlob: true, webauthn:virtualAuthenticators: true}
Session ID: bc633f5e5b75536dc1157366dc81df19" type="org.openqa.selenium.ElementClickInterceptedException">
      <![CDATA[org.openqa.selenium.ElementClickInterceptedException: element click intercepted: Element <img id="icon" src="data:image/svg+xml;base64,PHN2ZyB4bWxucz0iaHR0cDovL3d3dy53My5vcmcvMjAwMC9zdmciIHdpZHRoPSIyMSIgaGVpZ2h0PSIyMSIgdmlld0JveD0iMCAwIDIxIDIxIj4KICAgIDxnIGZpbGw9Im5vbmUiIGZpbGwtcnVsZT0iZXZlbm9kZCI+CiAgICAgICAgPHBhdGggZD0iTTAgMGgyMXYyMUgweiIvPgogICAgICAgIDxwYXRoIGZpbGw9IiMwMDAiIGQ9Ik05LjY4MyAxNi4xNTZMMi40NyA4Ljk0NGEuODkuODkgMCAwIDEgMC0xLjI2bC44NC0uODRhLjg5Ljg5IDAgMCAxIDEuMjU5LS4wMDJsNS43NDMgNS43MTYgNS43NDItNS43MTZhLjg5Ljg5IDAgMCAxIDEuMjU4LjAwMmwuODQxLjg0YS44OS44OSAwIDAgMSAwIDEuMjZsLTcuMjEyIDcuMjEyYS44OS44OSAwIDAgMS0xLjI2IDB6IiBvcGFjaXR5PSIuNjk5Ii8+CiAgICA8L2c+Cjwvc3ZnPgo=" class="jss38 jss37 jss43"> is not clickable at point (1321, 39). Other element would receive the click: <div aria-hidden="true" style="z-index: -1; position: fixed; inset: 0px; background-color: transparent; -webkit-tap-highlight-color: transparent;"></div>
  (Session info: chrome=91.0.4472.124)
Build info: version: '3.12.0', revision: '7c6e0b3', time: '2018-05-08T14:04:26.12Z'
System info: host: 'DESKTOP-496DOAJ', ip: '192.168.28.229', os.name: 'Windows 10', os.arch: 'amd64', os.version: '10.0', java.version: '15.0.2'
Driver info: org.openqa.selenium.chrome.ChromeDriver
Capabilities {acceptInsecureCerts: false, browserName: chrome, browserVersion: 91.0.4472.124, chrome: {chromedriverVersion: 91.0.4472.19 (1bf021f248676..., userDataDir: C:\Users\Admin\AppData\Loca...}, goog:chromeOptions: {debuggerAddress: localhost:50378}, javascriptEnabled: true, networkConnectionEnabled: false, pageLoadStrategy: normal, platform: WINDOWS, platformName: WINDOWS, proxy: Proxy(), setWindowRect: true, strictFileInteractability: false, timeouts: {implicit: 0, pageLoad: 300000, script: 30000}, unhandledPromptBehavior: dismiss and notify, webauthn:extension:largeBlob: true, webauthn:virtualAuthenticators: true}
Session ID: bc633f5e5b75536dc1157366dc81df19
at java.base/jdk.internal.reflect.NativeConstructorAccessorImpl.newInstance0(Native Method)
at java.base/jdk.internal.reflect.NativeConstructorAccessorImpl.newInstance(NativeConstructorAccessorImpl.java:64)
at java.base/jdk.internal.reflect.DelegatingConstructorAccessorImpl.newInstance(DelegatingConstructorAccessorImpl.java:45)
at java.base/java.lang.reflect.Constructor.newInstanceWithCaller(Constructor.java:500)
at java.base/java.lang.reflect.Constructor.newInstance(Constructor.java:481)
at org.openqa.selenium.remote.http.W3CHttpResponseCodec.createException(W3CHttpResponseCodec.java:187)
at org.openqa.selenium.remote.http.W3CHttpResponseCodec.decode(W3CHttpResponseCodec.java:122)
at org.openqa.selenium.remote.http.W3CHttpResponseCodec.decode(W3CHttpResponseCodec.java:49)
at org.openqa.selenium.remote.HttpCommandExecutor.execute(HttpCommandExecutor.java:158)
at org.openqa.selenium.remote.service.DriverCommandExecutor.execute(DriverCommandExecutor.java:83)
at org.openqa.selenium.remote.RemoteWebDriver.execute(RemoteWebDriver.java:543)
at org.openqa.selenium.remote.RemoteWebElement.execute(RemoteWebElement.java:276)
at org.openqa.selenium.remote.RemoteWebElement.click(RemoteWebElement.java:83)
at Reusable_Functions.Generic_function.click(Generic_function.java:290)
at Headerpage_positive_scenarios.Headerpage_positive_scenarios.click_dropDown(Headerpage_positive_scenarios.java:109)
at ✽.Click on Drop down tab(file:///C:/Users/Admin/Downloads/mph-web-qa-automation/src/main/java/Headerpage_positive_scenarios/Headerpage_positive_scenarios.feature:27)
]]>
    </error>
  </testcase> <!-- runScenario -->
  <system-out/>
  <testcase classname="Runner_Files.Headerpage_positive_scenarios_runner" name="runScenario" time="1.079">
    <error message="element click intercepted: Element &lt;img id=&quot;icon&quot; src=&quot;data:image/svg+xml;base64,PHN2ZyB4bWxucz0iaHR0cDovL3d3dy53My5vcmcvMjAwMC9zdmciIHdpZHRoPSIyMSIgaGVpZ2h0PSIyMSIgdmlld0JveD0iMCAwIDIxIDIxIj4KICAgIDxnIGZpbGw9Im5vbmUiIGZpbGwtcnVsZT0iZXZlbm9kZCI+CiAgICAgICAgPHBhdGggZD0iTTAgMGgyMXYyMUgweiIvPgogICAgICAgIDxwYXRoIGZpbGw9IiMwMDAiIGQ9Ik05LjY4MyAxNi4xNTZMMi40NyA4Ljk0NGEuODkuODkgMCAwIDEgMC0xLjI2bC44NC0uODRhLjg5Ljg5IDAgMCAxIDEuMjU5LS4wMDJsNS43NDMgNS43MTYgNS43NDItNS43MTZhLjg5Ljg5IDAgMCAxIDEuMjU4LjAwMmwuODQxLjg0YS44OS44OSAwIDAgMSAwIDEuMjZsLTcuMjEyIDcuMjEyYS44OS44OSAwIDAgMS0xLjI2IDB6IiBvcGFjaXR5PSIuNjk5Ii8+CiAgICA8L2c+Cjwvc3ZnPgo=&quot; class=&quot;jss38 jss37 jss43&quot;&gt; is not clickable at point (1321, 39). Other element would receive the click: &lt;div aria-hidden=&quot;true&quot; style=&quot;z-index: -1; position: fixed; inset: 0px; background-color: transparent; -webkit-tap-highlight-color: transparent;&quot;&gt;&lt;/div&gt;
  (Session info: chrome=91.0.4472.124)
Build info: version: &#039;3.12.0&#039;, revision: &#039;7c6e0b3&#039;, time: &#039;2018-05-08T14:04:26.12Z&#039;
System info: host: &#039;DESKTOP-496DOAJ&#039;, ip: &#039;192.168.28.229&#039;, os.name: &#039;Windows 10&#039;, os.arch: &#039;amd64&#039;, os.version: &#039;10.0&#039;, java.version: &#039;15.0.2&#039;
Driver info: org.openqa.selenium.chrome.ChromeDriver
Capabilities {acceptInsecureCerts: false, browserName: chrome, browserVersion: 91.0.4472.124, chrome: {chromedriverVersion: 91.0.4472.19 (1bf021f248676..., userDataDir: C:\Users\Admin\AppData\Loca...}, goog:chromeOptions: {debuggerAddress: localhost:50378}, javascriptEnabled: true, networkConnectionEnabled: false, pageLoadStrategy: normal, platform: WINDOWS, platformName: WINDOWS, proxy: Proxy(), setWindowRect: true, strictFileInteractability: false, timeouts: {implicit: 0, pageLoad: 300000, script: 30000}, unhandledPromptBehavior: dismiss and notify, webauthn:extension:largeBlob: true, webauthn:virtualAuthenticators: true}
Session ID: bc633f5e5b75536dc1157366dc81df19" type="org.openqa.selenium.ElementClickInterceptedException">
      <![CDATA[org.openqa.selenium.ElementClickInterceptedException: element click intercepted: Element <img id="icon" src="data:image/svg+xml;base64,PHN2ZyB4bWxucz0iaHR0cDovL3d3dy53My5vcmcvMjAwMC9zdmciIHdpZHRoPSIyMSIgaGVpZ2h0PSIyMSIgdmlld0JveD0iMCAwIDIxIDIxIj4KICAgIDxnIGZpbGw9Im5vbmUiIGZpbGwtcnVsZT0iZXZlbm9kZCI+CiAgICAgICAgPHBhdGggZD0iTTAgMGgyMXYyMUgweiIvPgogICAgICAgIDxwYXRoIGZpbGw9IiMwMDAiIGQ9Ik05LjY4MyAxNi4xNTZMMi40NyA4Ljk0NGEuODkuODkgMCAwIDEgMC0xLjI2bC44NC0uODRhLjg5Ljg5IDAgMCAxIDEuMjU5LS4wMDJsNS43NDMgNS43MTYgNS43NDItNS43MTZhLjg5Ljg5IDAgMCAxIDEuMjU4LjAwMmwuODQxLjg0YS44OS44OSAwIDAgMSAwIDEuMjZsLTcuMjEyIDcuMjEyYS44OS44OSAwIDAgMS0xLjI2IDB6IiBvcGFjaXR5PSIuNjk5Ii8+CiAgICA8L2c+Cjwvc3ZnPgo=" class="jss38 jss37 jss43"> is not clickable at point (1321, 39). Other element would receive the click: <div aria-hidden="true" style="z-index: -1; position: fixed; inset: 0px; background-color: transparent; -webkit-tap-highlight-color: transparent;"></div>
  (Session info: chrome=91.0.4472.124)
Build info: version: '3.12.0', revision: '7c6e0b3', time: '2018-05-08T14:04:26.12Z'
System info: host: 'DESKTOP-496DOAJ', ip: '192.168.28.229', os.name: 'Windows 10', os.arch: 'amd64', os.version: '10.0', java.version: '15.0.2'
Driver info: org.openqa.selenium.chrome.ChromeDriver
Capabilities {acceptInsecureCerts: false, browserName: chrome, browserVersion: 91.0.4472.124, chrome: {chromedriverVersion: 91.0.4472.19 (1bf021f248676..., userDataDir: C:\Users\Admin\AppData\Loca...}, goog:chromeOptions: {debuggerAddress: localhost:50378}, javascriptEnabled: true, networkConnectionEnabled: false, pageLoadStrategy: normal, platform: WINDOWS, platformName: WINDOWS, proxy: Proxy(), setWindowRect: true, strictFileInteractability: false, timeouts: {implicit: 0, pageLoad: 300000, script: 30000}, unhandledPromptBehavior: dismiss and notify, webauthn:extension:largeBlob: true, webauthn:virtualAuthenticators: true}
Session ID: bc633f5e5b75536dc1157366dc81df19
at java.base/jdk.internal.reflect.NativeConstructorAccessorImpl.newInstance0(Native Method)
at java.base/jdk.internal.reflect.NativeConstructorAccessorImpl.newInstance(NativeConstructorAccessorImpl.java:64)
at java.base/jdk.internal.reflect.DelegatingConstructorAccessorImpl.newInstance(DelegatingConstructorAccessorImpl.java:45)
at java.base/java.lang.reflect.Constructor.newInstanceWithCaller(Constructor.java:500)
at java.base/java.lang.reflect.Constructor.newInstance(Constructor.java:481)
at org.openqa.selenium.remote.http.W3CHttpResponseCodec.createException(W3CHttpResponseCodec.java:187)
at org.openqa.selenium.remote.http.W3CHttpResponseCodec.decode(W3CHttpResponseCodec.java:122)
at org.openqa.selenium.remote.http.W3CHttpResponseCodec.decode(W3CHttpResponseCodec.java:49)
at org.openqa.selenium.remote.HttpCommandExecutor.execute(HttpCommandExecutor.java:158)
at org.openqa.selenium.remote.service.DriverCommandExecutor.execute(DriverCommandExecutor.java:83)
at org.openqa.selenium.remote.RemoteWebDriver.execute(RemoteWebDriver.java:543)
at org.openqa.selenium.remote.RemoteWebElement.execute(RemoteWebElement.java:276)
at org.openqa.selenium.remote.RemoteWebElement.click(RemoteWebElement.java:83)
at Reusable_Functions.Generic_function.click(Generic_function.java:290)
at Headerpage_positive_scenarios.Headerpage_positive_scenarios.click_dropDown(Headerpage_positive_scenarios.java:109)
at ✽.Click on Drop down tab(file:///C:/Users/Admin/Downloads/mph-web-qa-automation/src/main/java/Headerpage_positive_scenarios/Headerpage_positive_scenarios.feature:37)
]]>
    </error>
  </testcase> <!-- runScenario -->
  <system-out/>
  <testcase classname="Runner_Files.Headerpage_positive_scenarios_runner" name="runScenario" time="1.147">
    <error message="element click intercepted: Element &lt;img id=&quot;icon&quot; src=&quot;data:image/svg+xml;base64,PHN2ZyB4bWxucz0iaHR0cDovL3d3dy53My5vcmcvMjAwMC9zdmciIHdpZHRoPSIyMSIgaGVpZ2h0PSIyMSIgdmlld0JveD0iMCAwIDIxIDIxIj4KICAgIDxnIGZpbGw9Im5vbmUiIGZpbGwtcnVsZT0iZXZlbm9kZCI+CiAgICAgICAgPHBhdGggZD0iTTAgMGgyMXYyMUgweiIvPgogICAgICAgIDxwYXRoIGZpbGw9IiMwMDAiIGQ9Ik05LjY4MyAxNi4xNTZMMi40NyA4Ljk0NGEuODkuODkgMCAwIDEgMC0xLjI2bC44NC0uODRhLjg5Ljg5IDAgMCAxIDEuMjU5LS4wMDJsNS43NDMgNS43MTYgNS43NDItNS43MTZhLjg5Ljg5IDAgMCAxIDEuMjU4LjAwMmwuODQxLjg0YS44OS44OSAwIDAgMSAwIDEuMjZsLTcuMjEyIDcuMjEyYS44OS44OSAwIDAgMS0xLjI2IDB6IiBvcGFjaXR5PSIuNjk5Ii8+CiAgICA8L2c+Cjwvc3ZnPgo=&quot; class=&quot;jss38 jss37 jss43&quot;&gt; is not clickable at point (1321, 39). Other element would receive the click: &lt;div aria-hidden=&quot;true&quot; style=&quot;z-index: -1; position: fixed; inset: 0px; background-color: transparent; -webkit-tap-highlight-color: transparent;&quot;&gt;&lt;/div&gt;
  (Session info: chrome=91.0.4472.124)
Build info: version: &#039;3.12.0&#039;, revision: &#039;7c6e0b3&#039;, time: &#039;2018-05-08T14:04:26.12Z&#039;
System info: host: &#039;DESKTOP-496DOAJ&#039;, ip: &#039;192.168.28.229&#039;, os.name: &#039;Windows 10&#039;, os.arch: &#039;amd64&#039;, os.version: &#039;10.0&#039;, java.version: &#039;15.0.2&#039;
Driver info: org.openqa.selenium.chrome.ChromeDriver
Capabilities {acceptInsecureCerts: false, browserName: chrome, browserVersion: 91.0.4472.124, chrome: {chromedriverVersion: 91.0.4472.19 (1bf021f248676..., userDataDir: C:\Users\Admin\AppData\Loca...}, goog:chromeOptions: {debuggerAddress: localhost:50378}, javascriptEnabled: true, networkConnectionEnabled: false, pageLoadStrategy: normal, platform: WINDOWS, platformName: WINDOWS, proxy: Proxy(), setWindowRect: true, strictFileInteractability: false, timeouts: {implicit: 0, pageLoad: 300000, script: 30000}, unhandledPromptBehavior: dismiss and notify, webauthn:extension:largeBlob: true, webauthn:virtualAuthenticators: true}
Session ID: bc633f5e5b75536dc1157366dc81df19" type="org.openqa.selenium.ElementClickInterceptedException">
      <![CDATA[org.openqa.selenium.ElementClickInterceptedException: element click intercepted: Element <img id="icon" src="data:image/svg+xml;base64,PHN2ZyB4bWxucz0iaHR0cDovL3d3dy53My5vcmcvMjAwMC9zdmciIHdpZHRoPSIyMSIgaGVpZ2h0PSIyMSIgdmlld0JveD0iMCAwIDIxIDIxIj4KICAgIDxnIGZpbGw9Im5vbmUiIGZpbGwtcnVsZT0iZXZlbm9kZCI+CiAgICAgICAgPHBhdGggZD0iTTAgMGgyMXYyMUgweiIvPgogICAgICAgIDxwYXRoIGZpbGw9IiMwMDAiIGQ9Ik05LjY4MyAxNi4xNTZMMi40NyA4Ljk0NGEuODkuODkgMCAwIDEgMC0xLjI2bC44NC0uODRhLjg5Ljg5IDAgMCAxIDEuMjU5LS4wMDJsNS43NDMgNS43MTYgNS43NDItNS43MTZhLjg5Ljg5IDAgMCAxIDEuMjU4LjAwMmwuODQxLjg0YS44OS44OSAwIDAgMSAwIDEuMjZsLTcuMjEyIDcuMjEyYS44OS44OSAwIDAgMS0xLjI2IDB6IiBvcGFjaXR5PSIuNjk5Ii8+CiAgICA8L2c+Cjwvc3ZnPgo=" class="jss38 jss37 jss43"> is not clickable at point (1321, 39). Other element would receive the click: <div aria-hidden="true" style="z-index: -1; position: fixed; inset: 0px; background-color: transparent; -webkit-tap-highlight-color: transparent;"></div>
  (Session info: chrome=91.0.4472.124)
Build info: version: '3.12.0', revision: '7c6e0b3', time: '2018-05-08T14:04:26.12Z'
System info: host: 'DESKTOP-496DOAJ', ip: '192.168.28.229', os.name: 'Windows 10', os.arch: 'amd64', os.version: '10.0', java.version: '15.0.2'
Driver info: org.openqa.selenium.chrome.ChromeDriver
Capabilities {acceptInsecureCerts: false, browserName: chrome, browserVersion: 91.0.4472.124, chrome: {chromedriverVersion: 91.0.4472.19 (1bf021f248676..., userDataDir: C:\Users\Admin\AppData\Loca...}, goog:chromeOptions: {debuggerAddress: localhost:50378}, javascriptEnabled: true, networkConnectionEnabled: false, pageLoadStrategy: normal, platform: WINDOWS, platformName: WINDOWS, proxy: Proxy(), setWindowRect: true, strictFileInteractability: false, timeouts: {implicit: 0, pageLoad: 300000, script: 30000}, unhandledPromptBehavior: dismiss and notify, webauthn:extension:largeBlob: true, webauthn:virtualAuthenticators: true}
Session ID: bc633f5e5b75536dc1157366dc81df19
at java.base/jdk.internal.reflect.NativeConstructorAccessorImpl.newInstance0(Native Method)
at java.base/jdk.internal.reflect.NativeConstructorAccessorImpl.newInstance(NativeConstructorAccessorImpl.java:64)
at java.base/jdk.internal.reflect.DelegatingConstructorAccessorImpl.newInstance(DelegatingConstructorAccessorImpl.java:45)
at java.base/java.lang.reflect.Constructor.newInstanceWithCaller(Constructor.java:500)
at java.base/java.lang.reflect.Constructor.newInstance(Constructor.java:481)
at org.openqa.selenium.remote.http.W3CHttpResponseCodec.createException(W3CHttpResponseCodec.java:187)
at org.openqa.selenium.remote.http.W3CHttpResponseCodec.decode(W3CHttpResponseCodec.java:122)
at org.openqa.selenium.remote.http.W3CHttpResponseCodec.decode(W3CHttpResponseCodec.java:49)
at org.openqa.selenium.remote.HttpCommandExecutor.execute(HttpCommandExecutor.java:158)
at org.openqa.selenium.remote.service.DriverCommandExecutor.execute(DriverCommandExecutor.java:83)
at org.openqa.selenium.remote.RemoteWebDriver.execute(RemoteWebDriver.java:543)
at org.openqa.selenium.remote.RemoteWebElement.execute(RemoteWebElement.java:276)
at org.openqa.selenium.remote.RemoteWebElement.click(RemoteWebElement.java:83)
at Reusable_Functions.Generic_function.click(Generic_function.java:290)
at Headerpage_positive_scenarios.Headerpage_positive_scenarios.click_dropDown(Headerpage_positive_scenarios.java:109)
at ✽.Click on Drop down tab(file:///C:/Users/Admin/Downloads/mph-web-qa-automation/src/main/java/Headerpage_positive_scenarios/Headerpage_positive_scenarios.feature:22)
]]>
    </error>
  </testcase> <!-- runScenario -->
  <system-out/>
  <testcase classname="Runner_Files.Headerpage_positive_scenarios_runner" name="runScenario" time="1.173">
    <error message="element click intercepted: Element &lt;img id=&quot;icon&quot; src=&quot;data:image/svg+xml;base64,PHN2ZyB4bWxucz0iaHR0cDovL3d3dy53My5vcmcvMjAwMC9zdmciIHdpZHRoPSI0OCIgaGVpZ2h0PSI0OCIgdmlld0JveD0iMCAwIDQ4IDQ4Ij4KICAgIDxnIGZpbGw9Im5vbmUiIGZpbGwtcnVsZT0iZXZlbm9kZCI+CiAgICAgICAgPHBhdGggZD0iTTE0IDEwaDIxdjIxSDE0eiIvPgogICAgICAgIDxwYXRoIGZpbGw9IiM0ODRBNTQiIGQ9Ik0zMy43NzcgMjMuNTNsLTUuMzYyIDUuMjVjLS40NzguNDY5LTEuMzA4LjE0LTEuMzA4LS41MzF2LTNoLTQuMzQxQS43NTYuNzU2IDAgMCAxIDIyIDI0LjV2LTNjMC0uNDE1LjM0Mi0uNzQ5Ljc2Ni0uNzQ5aDQuMzR2LTNjMC0uNjY4LjgyNy0xIDEuMzEtLjUzbDUuMzYxIDUuMjQ5YS43NDUuNzQ1IDAgMCAxIDAgMS4wNjJ6bS05LjYzNCA3LjU2di0xLjkwNGEuNTczLjU3MyAwIDAgMC0uNTcxLS41NzJoLTRhMS41MjIgMS41MjIgMCAwIDEtMS41MjQtMS41MjR2LTkuMTQzYzAtLjg0My42OC0xLjUyNCAxLjUyNC0xLjUyNGg0YS41NzMuNTczIDAgMCAwIC41NzEtLjU3MXYtMS45MDVhLjU3My41NzMgMCAwIDAtLjU3MS0uNTcyaC00QTQuNTczIDQuNTczIDAgMCAwIDE1IDE3Ljk0N3Y5LjE0M2E0LjU3MyA0LjU3MyAwIDAgMCA0LjU3MiA0LjU3Mmg0YS41NzMuNTczIDAgMCAwIC41NzEtLjU3MnoiLz4KICAgIDwvZz4KPC9zdmc+Cg==&quot; class=&quot;jss39 jss37 jss43&quot;&gt; is not clickable at point (1193, 39). Other element would receive the click: &lt;div aria-hidden=&quot;true&quot; style=&quot;z-index: -1; position: fixed; inset: 0px; background-color: transparent; -webkit-tap-highlight-color: transparent;&quot;&gt;&lt;/div&gt;
  (Session info: chrome=91.0.4472.124)
Build info: version: &#039;3.12.0&#039;, revision: &#039;7c6e0b3&#039;, time: &#039;2018-05-08T14:04:26.12Z&#039;
System info: host: &#039;DESKTOP-496DOAJ&#039;, ip: &#039;192.168.28.229&#039;, os.name: &#039;Windows 10&#039;, os.arch: &#039;amd64&#039;, os.version: &#039;10.0&#039;, java.version: &#039;15.0.2&#039;
Driver info: org.openqa.selenium.chrome.ChromeDriver
Capabilities {acceptInsecureCerts: false, browserName: chrome, browserVersion: 91.0.4472.124, chrome: {chromedriverVersion: 91.0.4472.19 (1bf021f248676..., userDataDir: C:\Users\Admin\AppData\Loca...}, goog:chromeOptions: {debuggerAddress: localhost:50378}, javascriptEnabled: true, networkConnectionEnabled: false, pageLoadStrategy: normal, platform: WINDOWS, platformName: WINDOWS, proxy: Proxy(), setWindowRect: true, strictFileInteractability: false, timeouts: {implicit: 0, pageLoad: 300000, script: 30000}, unhandledPromptBehavior: dismiss and notify, webauthn:extension:largeBlob: true, webauthn:virtualAuthenticators: true}
Session ID: bc633f5e5b75536dc1157366dc81df19" type="org.openqa.selenium.ElementClickInterceptedException">
      <![CDATA[org.openqa.selenium.ElementClickInterceptedException: element click intercepted: Element <img id="icon" src="data:image/svg+xml;base64,PHN2ZyB4bWxucz0iaHR0cDovL3d3dy53My5vcmcvMjAwMC9zdmciIHdpZHRoPSI0OCIgaGVpZ2h0PSI0OCIgdmlld0JveD0iMCAwIDQ4IDQ4Ij4KICAgIDxnIGZpbGw9Im5vbmUiIGZpbGwtcnVsZT0iZXZlbm9kZCI+CiAgICAgICAgPHBhdGggZD0iTTE0IDEwaDIxdjIxSDE0eiIvPgogICAgICAgIDxwYXRoIGZpbGw9IiM0ODRBNTQiIGQ9Ik0zMy43NzcgMjMuNTNsLTUuMzYyIDUuMjVjLS40NzguNDY5LTEuMzA4LjE0LTEuMzA4LS41MzF2LTNoLTQuMzQxQS43NTYuNzU2IDAgMCAxIDIyIDI0LjV2LTNjMC0uNDE1LjM0Mi0uNzQ5Ljc2Ni0uNzQ5aDQuMzR2LTNjMC0uNjY4LjgyNy0xIDEuMzEtLjUzbDUuMzYxIDUuMjQ5YS43NDUuNzQ1IDAgMCAxIDAgMS4wNjJ6bS05LjYzNCA3LjU2di0xLjkwNGEuNTczLjU3MyAwIDAgMC0uNTcxLS41NzJoLTRhMS41MjIgMS41MjIgMCAwIDEtMS41MjQtMS41MjR2LTkuMTQzYzAtLjg0My42OC0xLjUyNCAxLjUyNC0xLjUyNGg0YS41NzMuNTczIDAgMCAwIC41NzEtLjU3MXYtMS45MDVhLjU3My41NzMgMCAwIDAtLjU3MS0uNTcyaC00QTQuNTczIDQuNTczIDAgMCAwIDE1IDE3Ljk0N3Y5LjE0M2E0LjU3MyA0LjU3MyAwIDAgMCA0LjU3MiA0LjU3Mmg0YS41NzMuNTczIDAgMCAwIC41NzEtLjU3MnoiLz4KICAgIDwvZz4KPC9zdmc+Cg==" class="jss39 jss37 jss43"> is not clickable at point (1193, 39). Other element would receive the click: <div aria-hidden="true" style="z-index: -1; position: fixed; inset: 0px; background-color: transparent; -webkit-tap-highlight-color: transparent;"></div>
  (Session info: chrome=91.0.4472.124)
Build info: version: '3.12.0', revision: '7c6e0b3', time: '2018-05-08T14:04:26.12Z'
System info: host: 'DESKTOP-496DOAJ', ip: '192.168.28.229', os.name: 'Windows 10', os.arch: 'amd64', os.version: '10.0', java.version: '15.0.2'
Driver info: org.openqa.selenium.chrome.ChromeDriver
Capabilities {acceptInsecureCerts: false, browserName: chrome, browserVersion: 91.0.4472.124, chrome: {chromedriverVersion: 91.0.4472.19 (1bf021f248676..., userDataDir: C:\Users\Admin\AppData\Loca...}, goog:chromeOptions: {debuggerAddress: localhost:50378}, javascriptEnabled: true, networkConnectionEnabled: false, pageLoadStrategy: normal, platform: WINDOWS, platformName: WINDOWS, proxy: Proxy(), setWindowRect: true, strictFileInteractability: false, timeouts: {implicit: 0, pageLoad: 300000, script: 30000}, unhandledPromptBehavior: dismiss and notify, webauthn:extension:largeBlob: true, webauthn:virtualAuthenticators: true}
Session ID: bc633f5e5b75536dc1157366dc81df19
at java.base/jdk.internal.reflect.NativeConstructorAccessorImpl.newInstance0(Native Method)
at java.base/jdk.internal.reflect.NativeConstructorAccessorImpl.newInstance(NativeConstructorAccessorImpl.java:64)
at java.base/jdk.internal.reflect.DelegatingConstructorAccessorImpl.newInstance(DelegatingConstructorAccessorImpl.java:45)
at java.base/java.lang.reflect.Constructor.newInstanceWithCaller(Constructor.java:500)
at java.base/java.lang.reflect.Constructor.newInstance(Constructor.java:481)
at org.openqa.selenium.remote.http.W3CHttpResponseCodec.createException(W3CHttpResponseCodec.java:187)
at org.openqa.selenium.remote.http.W3CHttpResponseCodec.decode(W3CHttpResponseCodec.java:122)
at org.openqa.selenium.remote.http.W3CHttpResponseCodec.decode(W3CHttpResponseCodec.java:49)
at org.openqa.selenium.remote.HttpCommandExecutor.execute(HttpCommandExecutor.java:158)
at org.openqa.selenium.remote.service.DriverCommandExecutor.execute(DriverCommandExecutor.java:83)
at org.openqa.selenium.remote.RemoteWebDriver.execute(RemoteWebDriver.java:543)
at org.openqa.selenium.remote.RemoteWebElement.execute(RemoteWebElement.java:276)
at org.openqa.selenium.remote.RemoteWebElement.click(RemoteWebElement.java:83)
at Reusable_Functions.Generic_function.click(Generic_function.java:290)
at Headerpage_positive_scenarios.Headerpage_positive_scenarios.click_logout_icon(Headerpage_positive_scenarios.java:71)
at ✽.Click on Log out icon(file:///C:/Users/Admin/Downloads/mph-web-qa-automation/src/main/java/Headerpage_positive_scenarios/Headerpage_positive_scenarios.feature:52)
]]>
    </error>
  </testcase> <!-- runScenario -->
  <system-out/>
  <testcase classname="Runner_Files.Headerpage_positive_scenarios_runner" name="runScenario" time="0.256"/>
  <system-out/>
  <testcase classname="Runner_Files.Headerpage_positive_scenarios_runner" name="runScenario" time="20.476"/>
  <system-out/>
  <testcase classname="Runner_Files.Headerpage_positive_scenarios_runner" name="runScenario" time="1.145">
    <error message="element click intercepted: Element &lt;img id=&quot;icon&quot; src=&quot;data:image/svg+xml;base64,PHN2ZyB4bWxucz0iaHR0cDovL3d3dy53My5vcmcvMjAwMC9zdmciIHdpZHRoPSIyMSIgaGVpZ2h0PSIyMSIgdmlld0JveD0iMCAwIDIxIDIxIj4KICAgIDxnIGZpbGw9Im5vbmUiIGZpbGwtcnVsZT0iZXZlbm9kZCI+CiAgICAgICAgPHBhdGggZD0iTTAgMGgyMXYyMUgweiIvPgogICAgICAgIDxwYXRoIGZpbGw9IiMwMDAiIGQ9Ik05LjY4MyAxNi4xNTZMMi40NyA4Ljk0NGEuODkuODkgMCAwIDEgMC0xLjI2bC44NC0uODRhLjg5Ljg5IDAgMCAxIDEuMjU5LS4wMDJsNS43NDMgNS43MTYgNS43NDItNS43MTZhLjg5Ljg5IDAgMCAxIDEuMjU4LjAwMmwuODQxLjg0YS44OS44OSAwIDAgMSAwIDEuMjZsLTcuMjEyIDcuMjEyYS44OS44OSAwIDAgMS0xLjI2IDB6IiBvcGFjaXR5PSIuNjk5Ii8+CiAgICA8L2c+Cjwvc3ZnPgo=&quot; class=&quot;jss38 jss37 jss43&quot;&gt; is not clickable at point (1321, 39). Other element would receive the click: &lt;div aria-hidden=&quot;true&quot; style=&quot;z-index: -1; position: fixed; inset: 0px; background-color: transparent; -webkit-tap-highlight-color: transparent;&quot;&gt;&lt;/div&gt;
  (Session info: chrome=91.0.4472.124)
Build info: version: &#039;3.12.0&#039;, revision: &#039;7c6e0b3&#039;, time: &#039;2018-05-08T14:04:26.12Z&#039;
System info: host: &#039;DESKTOP-496DOAJ&#039;, ip: &#039;192.168.28.229&#039;, os.name: &#039;Windows 10&#039;, os.arch: &#039;amd64&#039;, os.version: &#039;10.0&#039;, java.version: &#039;15.0.2&#039;
Driver info: org.openqa.selenium.chrome.ChromeDriver
Capabilities {acceptInsecureCerts: false, browserName: chrome, browserVersion: 91.0.4472.124, chrome: {chromedriverVersion: 91.0.4472.19 (1bf021f248676..., userDataDir: C:\Users\Admin\AppData\Loca...}, goog:chromeOptions: {debuggerAddress: localhost:50378}, javascriptEnabled: true, networkConnectionEnabled: false, pageLoadStrategy: normal, platform: WINDOWS, platformName: WINDOWS, proxy: Proxy(), setWindowRect: true, strictFileInteractability: false, timeouts: {implicit: 0, pageLoad: 300000, script: 30000}, unhandledPromptBehavior: dismiss and notify, webauthn:extension:largeBlob: true, webauthn:virtualAuthenticators: true}
Session ID: bc633f5e5b75536dc1157366dc81df19" type="org.openqa.selenium.ElementClickInterceptedException">
      <![CDATA[org.openqa.selenium.ElementClickInterceptedException: element click intercepted: Element <img id="icon" src="data:image/svg+xml;base64,PHN2ZyB4bWxucz0iaHR0cDovL3d3dy53My5vcmcvMjAwMC9zdmciIHdpZHRoPSIyMSIgaGVpZ2h0PSIyMSIgdmlld0JveD0iMCAwIDIxIDIxIj4KICAgIDxnIGZpbGw9Im5vbmUiIGZpbGwtcnVsZT0iZXZlbm9kZCI+CiAgICAgICAgPHBhdGggZD0iTTAgMGgyMXYyMUgweiIvPgogICAgICAgIDxwYXRoIGZpbGw9IiMwMDAiIGQ9Ik05LjY4MyAxNi4xNTZMMi40NyA4Ljk0NGEuODkuODkgMCAwIDEgMC0xLjI2bC44NC0uODRhLjg5Ljg5IDAgMCAxIDEuMjU5LS4wMDJsNS43NDMgNS43MTYgNS43NDItNS43MTZhLjg5Ljg5IDAgMCAxIDEuMjU4LjAwMmwuODQxLjg0YS44OS44OSAwIDAgMSAwIDEuMjZsLTcuMjEyIDcuMjEyYS44OS44OSAwIDAgMS0xLjI2IDB6IiBvcGFjaXR5PSIuNjk5Ii8+CiAgICA8L2c+Cjwvc3ZnPgo=" class="jss38 jss37 jss43"> is not clickable at point (1321, 39). Other element would receive the click: <div aria-hidden="true" style="z-index: -1; position: fixed; inset: 0px; background-color: transparent; -webkit-tap-highlight-color: transparent;"></div>
  (Session info: chrome=91.0.4472.124)
Build info: version: '3.12.0', revision: '7c6e0b3', time: '2018-05-08T14:04:26.12Z'
System info: host: 'DESKTOP-496DOAJ', ip: '192.168.28.229', os.name: 'Windows 10', os.arch: 'amd64', os.version: '10.0', java.version: '15.0.2'
Driver info: org.openqa.selenium.chrome.ChromeDriver
Capabilities {acceptInsecureCerts: false, browserName: chrome, browserVersion: 91.0.4472.124, chrome: {chromedriverVersion: 91.0.4472.19 (1bf021f248676..., userDataDir: C:\Users\Admin\AppData\Loca...}, goog:chromeOptions: {debuggerAddress: localhost:50378}, javascriptEnabled: true, networkConnectionEnabled: false, pageLoadStrategy: normal, platform: WINDOWS, platformName: WINDOWS, proxy: Proxy(), setWindowRect: true, strictFileInteractability: false, timeouts: {implicit: 0, pageLoad: 300000, script: 30000}, unhandledPromptBehavior: dismiss and notify, webauthn:extension:largeBlob: true, webauthn:virtualAuthenticators: true}
Session ID: bc633f5e5b75536dc1157366dc81df19
at java.base/jdk.internal.reflect.NativeConstructorAccessorImpl.newInstance0(Native Method)
at java.base/jdk.internal.reflect.NativeConstructorAccessorImpl.newInstance(NativeConstructorAccessorImpl.java:64)
at java.base/jdk.internal.reflect.DelegatingConstructorAccessorImpl.newInstance(DelegatingConstructorAccessorImpl.java:45)
at java.base/java.lang.reflect.Constructor.newInstanceWithCaller(Constructor.java:500)
at java.base/java.lang.reflect.Constructor.newInstance(Constructor.java:481)
at org.openqa.selenium.remote.http.W3CHttpResponseCodec.createException(W3CHttpResponseCodec.java:187)
at org.openqa.selenium.remote.http.W3CHttpResponseCodec.decode(W3CHttpResponseCodec.java:122)
at org.openqa.selenium.remote.http.W3CHttpResponseCodec.decode(W3CHttpResponseCodec.java:49)
at org.openqa.selenium.remote.HttpCommandExecutor.execute(HttpCommandExecutor.java:158)
at org.openqa.selenium.remote.service.DriverCommandExecutor.execute(DriverCommandExecutor.java:83)
at org.openqa.selenium.remote.RemoteWebDriver.execute(RemoteWebDriver.java:543)
at org.openqa.selenium.remote.RemoteWebElement.execute(RemoteWebElement.java:276)
at org.openqa.selenium.remote.RemoteWebElement.click(RemoteWebElement.java:83)
at Reusable_Functions.Generic_function.click(Generic_function.java:290)
at Headerpage_positive_scenarios.Headerpage_positive_scenarios.click_dropDown(Headerpage_positive_scenarios.java:109)
at ✽.Click on Drop down tab(file:///C:/Users/Admin/Downloads/mph-web-qa-automation/src/main/java/Headerpage_positive_scenarios/Headerpage_positive_scenarios.feature:42)
]]>
    </error>
  </testcase> <!-- runScenario -->
  <system-out/>
</testsuite> <!-- Runner_Files.Headerpage_positive_scenarios_runner -->
